<!DOCTYPE html>

<html>
  <head>
  <meta charset='utf-8'>
  <title>TestNG reports</title>

    <link type="text/css" href="testng-reports1.css" rel="stylesheet" id="ultra" />
    <link type="text/css" href="testng-reports.css" rel="stylesheet" id="retro" disabled="false"/>
    <script type="text/javascript" src="jquery-3.6.0.min.js"></script>
    <script type="text/javascript" src="testng-reports.js"></script>
    <script type="text/javascript" src="https://www.google.com/jsapi"></script>
    <script type='text/javascript'>
      google.load('visualization', '1', {packages:['table']});
      google.setOnLoadCallback(drawTable);
      var suiteTableInitFunctions = new Array();
      var suiteTableData = new Array();
    </script>
    <!--
      <script type="text/javascript" src="jquery-ui/js/jquery-ui-1.8.16.custom.min.js"></script>
     -->
  </head>

  <body>    <div class="top-banner-root">
      <span class="top-banner-title-font">Test results</span>
      <button id="button" class="button">Switch Retro Theme</button> <!-- button -->
      <br/>
      <span class="top-banner-font-1">1 suite, 9 failed tests</span>
    </div> <!-- top-banner-root -->
    <div class="navigator-root">
      <div class="navigator-suite-header">
        <span>All suites</span>
        <a href="#" title="Collapse/expand all the suites" class="collapse-all-link">
          <img src="collapseall.gif" class="collapse-all-icon">
          </img> <!-- collapse-all-icon -->
        </a> <!-- collapse-all-link -->
      </div> <!-- navigator-suite-header -->
      <div class="suite">
        <div class="rounded-window">
          <div class="suite-header light-rounded-window-top">
            <a href="#" panel-name="suite-groupexecution" class="navigator-link">
              <span class="suite-name border-failed">groupexecution</span>
            </a> <!-- navigator-link -->
          </div> <!-- suite-header light-rounded-window-top -->
          <div class="navigator-suite-content">
            <div class="suite-section-title">
              <span>Info</span>
            </div> <!-- suite-section-title -->
            <div class="suite-section-content">
              <ul>
                <li>
                  <a href="#" panel-name="test-xml-groupexecution" class="navigator-link ">
                    <span>C:\Users\aksha\git\sevenrmartsupermarket\com.sevenrmartsupermarket\src\main\resources\xmlFile\groups.xml</span>
                  </a> <!-- navigator-link  -->
                </li>
                <li>
                  <a href="#" panel-name="testlist-groupexecution" class="navigator-link ">
                    <span class="test-stats">1 test</span>
                  </a> <!-- navigator-link  -->
                </li>
                <li>
                  <a href="#" panel-name="group-groupexecution" class="navigator-link ">
                    <span>2 groups</span>
                  </a> <!-- navigator-link  -->
                </li>
                <li>
                  <a href="#" panel-name="times-groupexecution" class="navigator-link ">
                    <span>Times</span>
                  </a> <!-- navigator-link  -->
                </li>
                <li>
                  <a href="#" panel-name="reporter-groupexecution" class="navigator-link ">
                    <span>Reporter output</span>
                  </a> <!-- navigator-link  -->
                </li>
                <li>
                  <a href="#" panel-name="ignored-methods-groupexecution" class="navigator-link ">
                    <span>Ignored methods</span>
                  </a> <!-- navigator-link  -->
                </li>
                <li>
                  <a href="#" panel-name="chronological-groupexecution" class="navigator-link ">
                    <span>Chronological view</span>
                  </a> <!-- navigator-link  -->
                </li>
              </ul>
            </div> <!-- suite-section-content -->
            <div class="result-section">
              <div class="suite-section-title">
                <span>Results</span>
              </div> <!-- suite-section-title -->
              <div class="suite-section-content">
                <ul>
                  <li>
                    <span class="method-stats">20 methods, 9 failed,  6 skipped,  5 passed</span>
                  </li>
                  <li>
                    <span class="method-list-title failed">Failed methods</span>
                    <span class="show-or-hide-methods failed">
                      <a href="#" panel-name="suite-groupexecution" class="hide-methods failed suite-groupexecution"> (hide)</a> <!-- hide-methods failed suite-groupexecution -->
                      <a href="#" panel-name="suite-groupexecution" class="show-methods failed suite-groupexecution"> (show)</a> <!-- show-methods failed suite-groupexecution -->
                    </span>
                    <div class="method-list-content failed suite-groupexecution">
                      <span>
                        <img src="failed.png" width="3%"/>
                        <a href="#" panel-name="suite-groupexecution" title="com.sevenrmartsupermarket.tests.AdminUserTest" class="method navigator-link" hash-for-method="validateAdminUserDeleteButtonFunctionality">validateAdminUserDeleteButtonFunctionality</a> <!-- method navigator-link -->
                      </span>
                      <br/>
                      <span>
                        <img src="failed.png" width="3%"/>
                        <a href="#" panel-name="suite-groupexecution" title="com.sevenrmartsupermarket.tests.AdminUserTest" class="method navigator-link" hash-for-method="validateNewUserCreation(Reenu.Sam, RichuAS, Admin)">validateNewUserCreation(Reenu.Sam, RichuAS, Admin)</a> <!-- method navigator-link -->
                      </span>
                      <br/>
                      <span>
                        <img src="failed.png" width="3%"/>
                        <a href="#" panel-name="suite-groupexecution" title="com.sevenrmartsupermarket.tests.AdminUserTest" class="method navigator-link" hash-for-method="validateNewUserCreation(Lucose.Vinu, RRS345, Staff)">validateNewUserCreation(Lucose.Vinu, RRS345, Staff)</a> <!-- method navigator-link -->
                      </span>
                      <br/>
                      <span>
                        <img src="failed.png" width="3%"/>
                        <a href="#" panel-name="suite-groupexecution" title="com.sevenrmartsupermarket.tests.AdminUserTest" class="method navigator-link" hash-for-method="validateNewUserCreation(SayuRD, ASN1234, Admin)">validateNewUserCreation(SayuRD, ASN1234, Admin)</a> <!-- method navigator-link -->
                      </span>
                      <br/>
                      <span>
                        <img src="failed.png" width="3%"/>
                        <a href="#" panel-name="suite-groupexecution" title="com.sevenrmartsupermarket.tests.AdminUserTest" class="method navigator-link" hash-for-method="validateNewUserCreation(Silly.sanu, Sindu345, Admin)">validateNewUserCreation(Silly.sanu, Sindu345, Admin)</a> <!-- method navigator-link -->
                      </span>
                      <br/>
                      <span>
                        <img src="failed.png" width="3%"/>
                        <a href="#" panel-name="suite-groupexecution" title="com.sevenrmartsupermarket.tests.AdminUserTest" class="method navigator-link" hash-for-method="validateNewUserCreation(Sreelu.Hary, Nainu456, Admin)">validateNewUserCreation(Sreelu.Hary, Nainu456, Admin)</a> <!-- method navigator-link -->
                      </span>
                      <br/>
                      <span>
                        <img src="failed.png" width="3%"/>
                        <a href="#" panel-name="suite-groupexecution" title="com.sevenrmartsupermarket.tests.AdminUserTest" class="method navigator-link" hash-for-method="validateNewUserCreation(NarayanRT, Flowers, Admin)">validateNewUserCreation(NarayanRT, Flowers, Admin)</a> <!-- method navigator-link -->
                      </span>
                      <br/>
                      <span>
                        <img src="failed.png" width="3%"/>
                        <a href="#" panel-name="suite-groupexecution" title="com.sevenrmartsupermarket.tests.AdminUserTest" class="method navigator-link" hash-for-method="validateUserDetailUpdateButtonFunctionality">validateUserDetailUpdateButtonFunctionality</a> <!-- method navigator-link -->
                      </span>
                      <br/>
                      <span>
                        <img src="failed.png" width="3%"/>
                        <a href="#" panel-name="suite-groupexecution" title="com.sevenrmartsupermarket.tests.LoginTest" class="method navigator-link" hash-for-method="verifyInvalidLogin">verifyInvalidLogin</a> <!-- method navigator-link -->
                      </span>
                      <br/>
                    </div> <!-- method-list-content failed suite-groupexecution -->
                  </li>
                  <li>
                    <span class="method-list-title skipped">Retried methods</span>
                    <span class="show-or-hide-methods skipped">
                      <a href="#" panel-name="suite-groupexecution" class="hide-methods skipped suite-groupexecution"> (hide)</a> <!-- hide-methods skipped suite-groupexecution -->
                      <a href="#" panel-name="suite-groupexecution" class="show-methods skipped suite-groupexecution"> (show)</a> <!-- show-methods skipped suite-groupexecution -->
                    </span>
                    <div class="method-list-content skipped suite-groupexecution">
                      <span>
                        <img src="skipped.png" width="3%"/>
                        <a href="#" panel-name="suite-groupexecution" title="com.sevenrmartsupermarket.tests.AdminUserTest" class="method navigator-link" hash-for-method="validateAdminUserDeleteButtonFunctionality">validateAdminUserDeleteButtonFunctionality</a> <!-- method navigator-link -->
                      </span>
                      <br/>
                      <span>
                        <img src="skipped.png" width="3%"/>
                        <a href="#" panel-name="suite-groupexecution" title="com.sevenrmartsupermarket.tests.AdminUserTest" class="method navigator-link" hash-for-method="validateAdminUserDeleteButtonFunctionality">validateAdminUserDeleteButtonFunctionality</a> <!-- method navigator-link -->
                      </span>
                      <br/>
                      <span>
                        <img src="skipped.png" width="3%"/>
                        <a href="#" panel-name="suite-groupexecution" title="com.sevenrmartsupermarket.tests.AdminUserTest" class="method navigator-link" hash-for-method="validateAdminUserDeleteButtonFunctionality">validateAdminUserDeleteButtonFunctionality</a> <!-- method navigator-link -->
                      </span>
                      <br/>
                      <span>
                        <img src="skipped.png" width="3%"/>
                        <a href="#" panel-name="suite-groupexecution" title="com.sevenrmartsupermarket.tests.AdminUserTest" class="method navigator-link" hash-for-method="validateUserDetailUpdateButtonFunctionality">validateUserDetailUpdateButtonFunctionality</a> <!-- method navigator-link -->
                      </span>
                      <br/>
                      <span>
                        <img src="skipped.png" width="3%"/>
                        <a href="#" panel-name="suite-groupexecution" title="com.sevenrmartsupermarket.tests.AdminUserTest" class="method navigator-link" hash-for-method="validateUserDetailUpdateButtonFunctionality">validateUserDetailUpdateButtonFunctionality</a> <!-- method navigator-link -->
                      </span>
                      <br/>
                      <span>
                        <img src="skipped.png" width="3%"/>
                        <a href="#" panel-name="suite-groupexecution" title="com.sevenrmartsupermarket.tests.AdminUserTest" class="method navigator-link" hash-for-method="validateUserDetailUpdateButtonFunctionality">validateUserDetailUpdateButtonFunctionality</a> <!-- method navigator-link -->
                      </span>
                      <br/>
                    </div> <!-- method-list-content skipped suite-groupexecution -->
                  </li>
                  <li>
                    <span class="method-list-title passed">Passed methods</span>
                    <span class="show-or-hide-methods passed">
                      <a href="#" panel-name="suite-groupexecution" class="hide-methods passed suite-groupexecution"> (hide)</a> <!-- hide-methods passed suite-groupexecution -->
                      <a href="#" panel-name="suite-groupexecution" class="show-methods passed suite-groupexecution"> (show)</a> <!-- show-methods passed suite-groupexecution -->
                    </span>
                    <div class="method-list-content passed suite-groupexecution">
                      <span>
                        <img src="passed.png" width="3%"/>
                        <a href="#" panel-name="suite-groupexecution" title="com.sevenrmartsupermarket.tests.AdminUserTest" class="method navigator-link" hash-for-method="validateSearchButtonfunctionality">validateSearchButtonfunctionality</a> <!-- method navigator-link -->
                      </span>
                      <br/>
                      <span>
                        <img src="passed.png" width="3%"/>
                        <a href="#" panel-name="suite-groupexecution" title="com.sevenrmartsupermarket.tests.LoginTest" class="method navigator-link" hash-for-method="verifyAfterLoginNavigation">verifyAfterLoginNavigation</a> <!-- method navigator-link -->
                      </span>
                      <br/>
                      <span>
                        <img src="passed.png" width="3%"/>
                        <a href="#" panel-name="suite-groupexecution" title="com.sevenrmartsupermarket.tests.LoginTest" class="method navigator-link" hash-for-method="verifyLogin">verifyLogin</a> <!-- method navigator-link -->
                      </span>
                      <br/>
                      <span>
                        <img src="passed.png" width="3%"/>
                        <a href="#" panel-name="suite-groupexecution" title="com.sevenrmartsupermarket.tests.HomeTest" class="method navigator-link" hash-for-method="verifyMoreInfoLink">verifyMoreInfoLink</a> <!-- method navigator-link -->
                      </span>
                      <br/>
                      <span>
                        <img src="passed.png" width="3%"/>
                        <a href="#" panel-name="suite-groupexecution" title="com.sevenrmartsupermarket.tests.HomeTest" class="method navigator-link" hash-for-method="verifyPageTitle">verifyPageTitle</a> <!-- method navigator-link -->
                      </span>
                      <br/>
                    </div> <!-- method-list-content passed suite-groupexecution -->
                  </li>
                </ul>
              </div> <!-- suite-section-content -->
            </div> <!-- result-section -->
          </div> <!-- navigator-suite-content -->
        </div> <!-- rounded-window -->
      </div> <!-- suite -->
    </div> <!-- navigator-root -->
    <div class="wrapper">
      <div class="main-panel-root">
        <div panel-name="suite-groupexecution" class="panel groupexecution">
          <div class="suite-groupexecution-class-failed">
            <div class="main-panel-header rounded-window-top">
              <img src="failed.png"/>
              <span class="class-name">com.sevenrmartsupermarket.tests.LoginTest</span>
            </div> <!-- main-panel-header rounded-window-top -->
            <div class="main-panel-content rounded-window-bottom">
              <div class="method">
                <div class="method-content">
                  <a name="verifyInvalidLogin">
                  </a> <!-- verifyInvalidLogin -->
                  <span class="method-name">verifyInvalidLogin</span>
                  <div class="stack-trace">java.lang.AssertionError: expected [Ã— Alert! Invalid Username/Password] but found [× Alert! Invalid Username/Password]
	at com.sevenrmartsupermarket.tests.LoginTest.verifyInvalidLogin(LoginTest.java:34)
	at java.base/java.util.ArrayList.forEach(ArrayList.java:1511)
... Removed 37 stack frames
</div> <!-- stack-trace -->
                  <em>
(Verify login with invalid credentials)                  </em>
                </div> <!-- method-content -->
              </div> <!-- method -->
            </div> <!-- main-panel-content rounded-window-bottom -->
          </div> <!-- suite-groupexecution-class-failed -->
          <div class="suite-groupexecution-class-failed">
            <div class="main-panel-header rounded-window-top">
              <img src="failed.png"/>
              <span class="class-name">com.sevenrmartsupermarket.tests.AdminUserTest</span>
            </div> <!-- main-panel-header rounded-window-top -->
            <div class="main-panel-content rounded-window-bottom">
              <div class="method">
                <div class="method-content">
                  <a name="validateAdminUserDeleteButtonFunctionality">
                  </a> <!-- validateAdminUserDeleteButtonFunctionality -->
                  <span class="method-name">validateAdminUserDeleteButtonFunctionality</span>
                  <div class="stack-trace">org.openqa.selenium.StaleElementReferenceException: stale element reference: stale element not found
  (Session info: chrome=134.0.6998.90)
For documentation on this error, please visit: https://www.selenium.dev/documentation/webdriver/troubleshooting/errors#stale-element-reference-exception
Build info: version: &apos;4.12.1&apos;, revision: &apos;8e34639b11&apos;
System info: os.name: &apos;Windows 11&apos;, os.arch: &apos;amd64&apos;, os.version: &apos;10.0&apos;, java.version: &apos;17.0.5&apos;
Driver info: org.openqa.selenium.chrome.ChromeDriver
Command: [19cd26e96b46696de9547722c9b0a55f, clickElement {id=f.FFA842CDE02BB64EA1E72B805566B32D.d.758C13721800B206A6C858397A248E1B.e.135}]
Capabilities {acceptInsecureCerts: false, browserName: chrome, browserVersion: 134.0.6998.90, chrome: {chromedriverVersion: 134.0.6998.88 (7e3d5c978c6d..., userDataDir: C:\Users\aksha\AppData\Loca...}, fedcm:accounts: true, goog:chromeOptions: {debuggerAddress: localhost:58316}, networkConnectionEnabled: false, pageLoadStrategy: normal, platformName: windows, proxy: Proxy(), se:cdp: ws://localhost:58316/devtoo..., se:cdpVersion: 134.0.6998.90, setWindowRect: true, strictFileInteractability: false, timeouts: {implicit: 0, pageLoad: 300000, script: 30000}, unhandledPromptBehavior: dismiss and notify, webauthn:extension:credBlob: true, webauthn:extension:largeBlob: true, webauthn:extension:minPinLength: true, webauthn:extension:prf: true, webauthn:virtualAuthenticators: true}
Element: [[ChromeDriver: chrome on windows (19cd26e96b46696de9547722c9b0a55f)] -&gt; xpath: //table//tbody//tr[1]//td[5]/a[3]]
Session ID: 19cd26e96b46696de9547722c9b0a55f
	at org.openqa.selenium.remote.codec.w3c.W3CHttpResponseCodec.createException(W3CHttpResponseCodec.java:200)
	at org.openqa.selenium.remote.codec.w3c.W3CHttpResponseCodec.decode(W3CHttpResponseCodec.java:133)
	at org.openqa.selenium.remote.codec.w3c.W3CHttpResponseCodec.decode(W3CHttpResponseCodec.java:52)
	at org.openqa.selenium.remote.HttpCommandExecutor.execute(HttpCommandExecutor.java:191)
	at org.openqa.selenium.remote.service.DriverCommandExecutor.invokeExecute(DriverCommandExecutor.java:196)
	at org.openqa.selenium.remote.service.DriverCommandExecutor.execute(DriverCommandExecutor.java:171)
	at org.openqa.selenium.remote.RemoteWebDriver.execute(RemoteWebDriver.java:602)
	at org.openqa.selenium.remote.RemoteWebElement.execute(RemoteWebElement.java:224)
	at org.openqa.selenium.remote.RemoteWebElement.click(RemoteWebElement.java:77)
	at org.openqa.selenium.support.pagefactory.internal.LocatingElementHandler.invoke(LocatingElementHandler.java:51)
	at jdk.proxy2/jdk.proxy2.$Proxy14.click(Unknown Source)
	at com.sevenrmartsupermarket.utilities.PageUtility.switchToAlert(PageUtility.java:51)
	at com.sevenrmartsupermarket.pages.AdminUserPage.userDeleteButtonClick(AdminUserPage.java:227)
	at com.sevenrmartsupermarket.tests.AdminUserTest.validateAdminUserDeleteButtonFunctionality(AdminUserTest.java:117)
	at java.base/java.util.ArrayList.forEach(ArrayList.java:1511)
... Removed 39 stack frames
</div> <!-- stack-trace -->
                </div> <!-- method-content -->
              </div> <!-- method -->
              <div class="method">
                <div class="method-content">
                  <a name="validateNewUserCreation(Reenu.Sam, RichuAS, Admin)">
                  </a> <!-- validateNewUserCreation(Reenu.Sam, RichuAS, Admin) -->
                  <span class="method-name">validateNewUserCreation</span>
                  <span class="parameters">(Reenu.Sam,RichuAS,Admin)</span>
                  <div class="stack-trace">java.lang.AssertionError: expected [Ã— Alert! User Created Successfully] but found [× Alert! User Created Successfully]
	at com.sevenrmartsupermarket.tests.AdminUserTest.validateNewUserCreation(AdminUserTest.java:40)
	at java.base/java.util.ArrayList.forEach(ArrayList.java:1511)
... Removed 37 stack frames
</div> <!-- stack-trace -->
                </div> <!-- method-content -->
              </div> <!-- method -->
              <div class="method">
                <div class="method-content">
                  <a name="validateNewUserCreation(Lucose.Vinu, RRS345, Staff)">
                  </a> <!-- validateNewUserCreation(Lucose.Vinu, RRS345, Staff) -->
                  <span class="method-name">validateNewUserCreation</span>
                  <span class="parameters">(Lucose.Vinu,RRS345,Staff)</span>
                  <div class="stack-trace">java.lang.AssertionError: expected [Ã— Alert! User Created Successfully] but found [× Alert! User Created Successfully]
	at com.sevenrmartsupermarket.tests.AdminUserTest.validateNewUserCreation(AdminUserTest.java:40)
	at java.base/java.util.ArrayList.forEach(ArrayList.java:1511)
... Removed 37 stack frames
</div> <!-- stack-trace -->
                </div> <!-- method-content -->
              </div> <!-- method -->
              <div class="method">
                <div class="method-content">
                  <a name="validateNewUserCreation(SayuRD, ASN1234, Admin)">
                  </a> <!-- validateNewUserCreation(SayuRD, ASN1234, Admin) -->
                  <span class="method-name">validateNewUserCreation</span>
                  <span class="parameters">(SayuRD,ASN1234,Admin)</span>
                  <div class="stack-trace">java.lang.AssertionError: expected [Ã— Alert! User Created Successfully] but found [× Alert! User Created Successfully]
	at com.sevenrmartsupermarket.tests.AdminUserTest.validateNewUserCreation(AdminUserTest.java:40)
	at java.base/java.util.ArrayList.forEach(ArrayList.java:1511)
... Removed 37 stack frames
</div> <!-- stack-trace -->
                </div> <!-- method-content -->
              </div> <!-- method -->
              <div class="method">
                <div class="method-content">
                  <a name="validateNewUserCreation(Silly.sanu, Sindu345, Admin)">
                  </a> <!-- validateNewUserCreation(Silly.sanu, Sindu345, Admin) -->
                  <span class="method-name">validateNewUserCreation</span>
                  <span class="parameters">(Silly.sanu,Sindu345,Admin)</span>
                  <div class="stack-trace">java.lang.AssertionError: expected [Ã— Alert! User Created Successfully] but found [× Alert! User Created Successfully]
	at com.sevenrmartsupermarket.tests.AdminUserTest.validateNewUserCreation(AdminUserTest.java:40)
	at java.base/java.util.ArrayList.forEach(ArrayList.java:1511)
... Removed 37 stack frames
</div> <!-- stack-trace -->
                </div> <!-- method-content -->
              </div> <!-- method -->
              <div class="method">
                <div class="method-content">
                  <a name="validateNewUserCreation(Sreelu.Hary, Nainu456, Admin)">
                  </a> <!-- validateNewUserCreation(Sreelu.Hary, Nainu456, Admin) -->
                  <span class="method-name">validateNewUserCreation</span>
                  <span class="parameters">(Sreelu.Hary,Nainu456,Admin)</span>
                  <div class="stack-trace">java.lang.AssertionError: expected [Ã— Alert! User Created Successfully] but found [× Alert! User Created Successfully]
	at com.sevenrmartsupermarket.tests.AdminUserTest.validateNewUserCreation(AdminUserTest.java:40)
	at java.base/java.util.ArrayList.forEach(ArrayList.java:1511)
... Removed 37 stack frames
</div> <!-- stack-trace -->
                </div> <!-- method-content -->
              </div> <!-- method -->
              <div class="method">
                <div class="method-content">
                  <a name="validateNewUserCreation(NarayanRT, Flowers, Admin)">
                  </a> <!-- validateNewUserCreation(NarayanRT, Flowers, Admin) -->
                  <span class="method-name">validateNewUserCreation</span>
                  <span class="parameters">(NarayanRT,Flowers,Admin)</span>
                  <div class="stack-trace">java.lang.AssertionError: expected [Ã— Alert! User Created Successfully] but found [× Alert! User Created Successfully]
	at com.sevenrmartsupermarket.tests.AdminUserTest.validateNewUserCreation(AdminUserTest.java:40)
	at java.base/java.util.ArrayList.forEach(ArrayList.java:1511)
... Removed 37 stack frames
</div> <!-- stack-trace -->
                </div> <!-- method-content -->
              </div> <!-- method -->
              <div class="method">
                <div class="method-content">
                  <a name="validateUserDetailUpdateButtonFunctionality">
                  </a> <!-- validateUserDetailUpdateButtonFunctionality -->
                  <span class="method-name">validateUserDetailUpdateButtonFunctionality</span>
                  <div class="stack-trace">org.openqa.selenium.StaleElementReferenceException: stale element reference: stale element not found
  (Session info: chrome=134.0.6998.90)
For documentation on this error, please visit: https://www.selenium.dev/documentation/webdriver/troubleshooting/errors#stale-element-reference-exception
Build info: version: &apos;4.12.1&apos;, revision: &apos;8e34639b11&apos;
System info: os.name: &apos;Windows 11&apos;, os.arch: &apos;amd64&apos;, os.version: &apos;10.0&apos;, java.version: &apos;17.0.5&apos;
Driver info: org.openqa.selenium.chrome.ChromeDriver
Command: [e3c6cfc4c6627752d73e57dfa52a93ed, actions {actions=[org.openqa.selenium.interactions.Sequence@75973f7a]}]
Capabilities {acceptInsecureCerts: false, browserName: chrome, browserVersion: 134.0.6998.90, chrome: {chromedriverVersion: 134.0.6998.88 (7e3d5c978c6d..., userDataDir: C:\Users\aksha\AppData\Loca...}, fedcm:accounts: true, goog:chromeOptions: {debuggerAddress: localhost:58549}, networkConnectionEnabled: false, pageLoadStrategy: normal, platformName: windows, proxy: Proxy(), se:cdp: ws://localhost:58549/devtoo..., se:cdpVersion: 134.0.6998.90, setWindowRect: true, strictFileInteractability: false, timeouts: {implicit: 0, pageLoad: 300000, script: 30000}, unhandledPromptBehavior: dismiss and notify, webauthn:extension:credBlob: true, webauthn:extension:largeBlob: true, webauthn:extension:minPinLength: true, webauthn:extension:prf: true, webauthn:virtualAuthenticators: true}
Session ID: e3c6cfc4c6627752d73e57dfa52a93ed
	at org.openqa.selenium.remote.codec.w3c.W3CHttpResponseCodec.createException(W3CHttpResponseCodec.java:200)
	at org.openqa.selenium.remote.codec.w3c.W3CHttpResponseCodec.decode(W3CHttpResponseCodec.java:133)
	at org.openqa.selenium.remote.codec.w3c.W3CHttpResponseCodec.decode(W3CHttpResponseCodec.java:52)
	at org.openqa.selenium.remote.HttpCommandExecutor.execute(HttpCommandExecutor.java:191)
	at org.openqa.selenium.remote.service.DriverCommandExecutor.invokeExecute(DriverCommandExecutor.java:196)
	at org.openqa.selenium.remote.service.DriverCommandExecutor.execute(DriverCommandExecutor.java:171)
	at org.openqa.selenium.remote.RemoteWebDriver.execute(RemoteWebDriver.java:602)
	at org.openqa.selenium.remote.RemoteWebDriver.perform(RemoteWebDriver.java:688)
	at org.openqa.selenium.interactions.Actions$BuiltAction.perform(Actions.java:605)
	at com.sevenrmartsupermarket.utilities.PageUtility.mouseClick(PageUtility.java:36)
	at com.sevenrmartsupermarket.pages.AdminUserPage.userNameUpdateButtonClick(AdminUserPage.java:212)
	at com.sevenrmartsupermarket.tests.AdminUserTest.validateUserDetailUpdateButtonFunctionality(AdminUserTest.java:101)
	at java.base/java.util.ArrayList.forEach(ArrayList.java:1511)
... Removed 36 stack frames
</div> <!-- stack-trace -->
                </div> <!-- method-content -->
              </div> <!-- method -->
            </div> <!-- main-panel-content rounded-window-bottom -->
          </div> <!-- suite-groupexecution-class-failed -->
          <div class="suite-groupexecution-class-skipped">
            <div class="main-panel-header rounded-window-top">
              <img src="skipped.png"/>
              <span class="class-name">com.sevenrmartsupermarket.tests.AdminUserTest</span>
            </div> <!-- main-panel-header rounded-window-top -->
            <div class="main-panel-content rounded-window-bottom">
              <div class="method">
                <div class="method-content">
                  <a name="validateAdminUserDeleteButtonFunctionality">
                  </a> <!-- validateAdminUserDeleteButtonFunctionality -->
                  <span class="method-name">validateAdminUserDeleteButtonFunctionality</span>
                  <div class="stack-trace">org.openqa.selenium.StaleElementReferenceException: stale element reference: stale element not found
  (Session info: chrome=134.0.6998.90)
For documentation on this error, please visit: https://www.selenium.dev/documentation/webdriver/troubleshooting/errors#stale-element-reference-exception
Build info: version: &apos;4.12.1&apos;, revision: &apos;8e34639b11&apos;
System info: os.name: &apos;Windows 11&apos;, os.arch: &apos;amd64&apos;, os.version: &apos;10.0&apos;, java.version: &apos;17.0.5&apos;
Driver info: org.openqa.selenium.chrome.ChromeDriver
Command: [b198927eb903c0d8383be5bc65df4cb6, clickElement {id=f.13AB2C26869122BEAE54800F12E17854.d.E0D8A0D874E049E7D7662244B195106E.e.137}]
Capabilities {acceptInsecureCerts: false, browserName: chrome, browserVersion: 134.0.6998.90, chrome: {chromedriverVersion: 134.0.6998.88 (7e3d5c978c6d..., userDataDir: C:\Users\aksha\AppData\Loca...}, fedcm:accounts: true, goog:chromeOptions: {debuggerAddress: localhost:58261}, networkConnectionEnabled: false, pageLoadStrategy: normal, platformName: windows, proxy: Proxy(), se:cdp: ws://localhost:58261/devtoo..., se:cdpVersion: 134.0.6998.90, setWindowRect: true, strictFileInteractability: false, timeouts: {implicit: 0, pageLoad: 300000, script: 30000}, unhandledPromptBehavior: dismiss and notify, webauthn:extension:credBlob: true, webauthn:extension:largeBlob: true, webauthn:extension:minPinLength: true, webauthn:extension:prf: true, webauthn:virtualAuthenticators: true}
Element: [[ChromeDriver: chrome on windows (b198927eb903c0d8383be5bc65df4cb6)] -&gt; xpath: //table//tbody//tr[1]//td[5]/a[3]]
Session ID: b198927eb903c0d8383be5bc65df4cb6
	at org.openqa.selenium.remote.codec.w3c.W3CHttpResponseCodec.createException(W3CHttpResponseCodec.java:200)
	at org.openqa.selenium.remote.codec.w3c.W3CHttpResponseCodec.decode(W3CHttpResponseCodec.java:133)
	at org.openqa.selenium.remote.codec.w3c.W3CHttpResponseCodec.decode(W3CHttpResponseCodec.java:52)
	at org.openqa.selenium.remote.HttpCommandExecutor.execute(HttpCommandExecutor.java:191)
	at org.openqa.selenium.remote.service.DriverCommandExecutor.invokeExecute(DriverCommandExecutor.java:196)
	at org.openqa.selenium.remote.service.DriverCommandExecutor.execute(DriverCommandExecutor.java:171)
	at org.openqa.selenium.remote.RemoteWebDriver.execute(RemoteWebDriver.java:602)
	at org.openqa.selenium.remote.RemoteWebElement.execute(RemoteWebElement.java:224)
	at org.openqa.selenium.remote.RemoteWebElement.click(RemoteWebElement.java:77)
	at org.openqa.selenium.support.pagefactory.internal.LocatingElementHandler.invoke(LocatingElementHandler.java:51)
	at jdk.proxy2/jdk.proxy2.$Proxy14.click(Unknown Source)
	at com.sevenrmartsupermarket.utilities.PageUtility.switchToAlert(PageUtility.java:51)
	at com.sevenrmartsupermarket.pages.AdminUserPage.userDeleteButtonClick(AdminUserPage.java:227)
	at com.sevenrmartsupermarket.tests.AdminUserTest.validateAdminUserDeleteButtonFunctionality(AdminUserTest.java:117)
	at java.base/java.util.ArrayList.forEach(ArrayList.java:1511)
... Removed 39 stack frames
</div> <!-- stack-trace -->
                </div> <!-- method-content -->
              </div> <!-- method -->
              <div class="method">
                <div class="method-content">
                  <a name="validateAdminUserDeleteButtonFunctionality">
                  </a> <!-- validateAdminUserDeleteButtonFunctionality -->
                  <span class="method-name">validateAdminUserDeleteButtonFunctionality</span>
                  <div class="stack-trace">org.openqa.selenium.NoSuchSessionException: invalid session id: session deleted as the browser has closed the connection
from disconnected: unable to send message to renderer
  (Session info: chrome=134.0.6998.90)
Build info: version: &apos;4.12.1&apos;, revision: &apos;8e34639b11&apos;
System info: os.name: &apos;Windows 11&apos;, os.arch: &apos;amd64&apos;, os.version: &apos;10.0&apos;, java.version: &apos;17.0.5&apos;
Driver info: org.openqa.selenium.chrome.ChromeDriver
Command: [0a7f313323b2f3824ecbb2d5e3f055e6, findElement {using=xpath, value=//div[contains(@class, &apos;alert-success&apos;) and contains(., &apos;User Deleted Successfully&apos;)]}]
Capabilities {acceptInsecureCerts: false, browserName: chrome, browserVersion: 134.0.6998.90, chrome: {chromedriverVersion: 134.0.6998.88 (7e3d5c978c6d..., userDataDir: C:\Users\aksha\AppData\Loca...}, fedcm:accounts: true, goog:chromeOptions: {debuggerAddress: localhost:58231}, networkConnectionEnabled: false, pageLoadStrategy: normal, platformName: windows, proxy: Proxy(), se:cdp: ws://localhost:58231/devtoo..., se:cdpVersion: 134.0.6998.90, setWindowRect: true, strictFileInteractability: false, timeouts: {implicit: 0, pageLoad: 300000, script: 30000}, unhandledPromptBehavior: dismiss and notify, webauthn:extension:credBlob: true, webauthn:extension:largeBlob: true, webauthn:extension:minPinLength: true, webauthn:extension:prf: true, webauthn:virtualAuthenticators: true}
Session ID: 0a7f313323b2f3824ecbb2d5e3f055e6
	at org.openqa.selenium.remote.codec.w3c.W3CHttpResponseCodec.createException(W3CHttpResponseCodec.java:200)
	at org.openqa.selenium.remote.codec.w3c.W3CHttpResponseCodec.decode(W3CHttpResponseCodec.java:133)
	at org.openqa.selenium.remote.codec.w3c.W3CHttpResponseCodec.decode(W3CHttpResponseCodec.java:52)
	at org.openqa.selenium.remote.HttpCommandExecutor.execute(HttpCommandExecutor.java:191)
	at org.openqa.selenium.remote.service.DriverCommandExecutor.invokeExecute(DriverCommandExecutor.java:196)
	at org.openqa.selenium.remote.service.DriverCommandExecutor.execute(DriverCommandExecutor.java:171)
	at org.openqa.selenium.remote.RemoteWebDriver.execute(RemoteWebDriver.java:602)
	at org.openqa.selenium.remote.ElementLocation$ElementFinder$2.findElement(ElementLocation.java:165)
	at org.openqa.selenium.remote.ElementLocation.findElement(ElementLocation.java:59)
	at org.openqa.selenium.remote.RemoteWebDriver.findElement(RemoteWebDriver.java:359)
	at org.openqa.selenium.remote.RemoteWebDriver.findElement(RemoteWebDriver.java:353)
	at org.openqa.selenium.support.pagefactory.DefaultElementLocator.findElement(DefaultElementLocator.java:68)
	at org.openqa.selenium.support.pagefactory.internal.LocatingElementHandler.invoke(LocatingElementHandler.java:38)
	at jdk.proxy2/jdk.proxy2.$Proxy14.isDisplayed(Unknown Source)
	at com.sevenrmartsupermarket.pages.AdminUserPage.checkAlertMessage(AdminUserPage.java:105)
	at com.sevenrmartsupermarket.pages.AdminUserPage.deleteUserStatus(AdminUserPage.java:233)
	at com.sevenrmartsupermarket.tests.AdminUserTest.validateAdminUserDeleteButtonFunctionality(AdminUserTest.java:119)
	at java.base/java.util.ArrayList.forEach(ArrayList.java:1511)
... Removed 36 stack frames
</div> <!-- stack-trace -->
                </div> <!-- method-content -->
              </div> <!-- method -->
              <div class="method">
                <div class="method-content">
                  <a name="validateAdminUserDeleteButtonFunctionality">
                  </a> <!-- validateAdminUserDeleteButtonFunctionality -->
                  <span class="method-name">validateAdminUserDeleteButtonFunctionality</span>
                  <div class="stack-trace">org.openqa.selenium.NoSuchSessionException: invalid session id: session deleted as the browser has closed the connection
from disconnected: unable to send message to renderer
  (Session info: chrome=134.0.6998.90)
Build info: version: &apos;4.12.1&apos;, revision: &apos;8e34639b11&apos;
System info: os.name: &apos;Windows 11&apos;, os.arch: &apos;amd64&apos;, os.version: &apos;10.0&apos;, java.version: &apos;17.0.5&apos;
Driver info: org.openqa.selenium.chrome.ChromeDriver
Command: [5ccbb7b9b18d71e530c63f8954d2f06e, findElement {using=xpath, value=//table//tbody//tr[1]//td[5]/a[3]}]
Capabilities {acceptInsecureCerts: false, browserName: chrome, browserVersion: 134.0.6998.90, chrome: {chromedriverVersion: 134.0.6998.88 (7e3d5c978c6d..., userDataDir: C:\Users\aksha\AppData\Loca...}, fedcm:accounts: true, goog:chromeOptions: {debuggerAddress: localhost:58288}, networkConnectionEnabled: false, pageLoadStrategy: normal, platformName: windows, proxy: Proxy(), se:cdp: ws://localhost:58288/devtoo..., se:cdpVersion: 134.0.6998.90, setWindowRect: true, strictFileInteractability: false, timeouts: {implicit: 0, pageLoad: 300000, script: 30000}, unhandledPromptBehavior: dismiss and notify, webauthn:extension:credBlob: true, webauthn:extension:largeBlob: true, webauthn:extension:minPinLength: true, webauthn:extension:prf: true, webauthn:virtualAuthenticators: true}
Session ID: 5ccbb7b9b18d71e530c63f8954d2f06e
	at org.openqa.selenium.remote.codec.w3c.W3CHttpResponseCodec.createException(W3CHttpResponseCodec.java:200)
	at org.openqa.selenium.remote.codec.w3c.W3CHttpResponseCodec.decode(W3CHttpResponseCodec.java:133)
	at org.openqa.selenium.remote.codec.w3c.W3CHttpResponseCodec.decode(W3CHttpResponseCodec.java:52)
	at org.openqa.selenium.remote.HttpCommandExecutor.execute(HttpCommandExecutor.java:191)
	at org.openqa.selenium.remote.service.DriverCommandExecutor.invokeExecute(DriverCommandExecutor.java:196)
	at org.openqa.selenium.remote.service.DriverCommandExecutor.execute(DriverCommandExecutor.java:171)
	at org.openqa.selenium.remote.RemoteWebDriver.execute(RemoteWebDriver.java:602)
	at org.openqa.selenium.remote.ElementLocation$ElementFinder$2.findElement(ElementLocation.java:165)
	at org.openqa.selenium.remote.ElementLocation.findElement(ElementLocation.java:59)
	at org.openqa.selenium.remote.RemoteWebDriver.findElement(RemoteWebDriver.java:359)
	at org.openqa.selenium.remote.RemoteWebDriver.findElement(RemoteWebDriver.java:353)
	at org.openqa.selenium.support.pagefactory.DefaultElementLocator.findElement(DefaultElementLocator.java:68)
	at org.openqa.selenium.support.pagefactory.internal.LocatingElementHandler.invoke(LocatingElementHandler.java:38)
	at jdk.proxy2/jdk.proxy2.$Proxy14.click(Unknown Source)
	at com.sevenrmartsupermarket.utilities.PageUtility.switchToAlert(PageUtility.java:51)
	at com.sevenrmartsupermarket.pages.AdminUserPage.userDeleteButtonClick(AdminUserPage.java:227)
	at com.sevenrmartsupermarket.tests.AdminUserTest.validateAdminUserDeleteButtonFunctionality(AdminUserTest.java:117)
	at java.base/java.util.ArrayList.forEach(ArrayList.java:1511)
... Removed 36 stack frames
</div> <!-- stack-trace -->
                </div> <!-- method-content -->
              </div> <!-- method -->
              <div class="method">
                <div class="method-content">
                  <a name="validateUserDetailUpdateButtonFunctionality">
                  </a> <!-- validateUserDetailUpdateButtonFunctionality -->
                  <span class="method-name">validateUserDetailUpdateButtonFunctionality</span>
                  <div class="stack-trace">org.openqa.selenium.StaleElementReferenceException: stale element reference: stale element not found
  (Session info: chrome=134.0.6998.90)
For documentation on this error, please visit: https://www.selenium.dev/documentation/webdriver/troubleshooting/errors#stale-element-reference-exception
Build info: version: &apos;4.12.1&apos;, revision: &apos;8e34639b11&apos;
System info: os.name: &apos;Windows 11&apos;, os.arch: &apos;amd64&apos;, os.version: &apos;10.0&apos;, java.version: &apos;17.0.5&apos;
Driver info: org.openqa.selenium.chrome.ChromeDriver
Command: [0a7d2778595a34d641cbc99aaf2e90da, actions {actions=[org.openqa.selenium.interactions.Sequence@3810806c]}]
Capabilities {acceptInsecureCerts: false, browserName: chrome, browserVersion: 134.0.6998.90, chrome: {chromedriverVersion: 134.0.6998.88 (7e3d5c978c6d..., userDataDir: C:\Users\aksha\AppData\Loca...}, fedcm:accounts: true, goog:chromeOptions: {debuggerAddress: localhost:58530}, networkConnectionEnabled: false, pageLoadStrategy: normal, platformName: windows, proxy: Proxy(), se:cdp: ws://localhost:58530/devtoo..., se:cdpVersion: 134.0.6998.90, setWindowRect: true, strictFileInteractability: false, timeouts: {implicit: 0, pageLoad: 300000, script: 30000}, unhandledPromptBehavior: dismiss and notify, webauthn:extension:credBlob: true, webauthn:extension:largeBlob: true, webauthn:extension:minPinLength: true, webauthn:extension:prf: true, webauthn:virtualAuthenticators: true}
Session ID: 0a7d2778595a34d641cbc99aaf2e90da
	at org.openqa.selenium.remote.codec.w3c.W3CHttpResponseCodec.createException(W3CHttpResponseCodec.java:200)
	at org.openqa.selenium.remote.codec.w3c.W3CHttpResponseCodec.decode(W3CHttpResponseCodec.java:133)
	at org.openqa.selenium.remote.codec.w3c.W3CHttpResponseCodec.decode(W3CHttpResponseCodec.java:52)
	at org.openqa.selenium.remote.HttpCommandExecutor.execute(HttpCommandExecutor.java:191)
	at org.openqa.selenium.remote.service.DriverCommandExecutor.invokeExecute(DriverCommandExecutor.java:196)
	at org.openqa.selenium.remote.service.DriverCommandExecutor.execute(DriverCommandExecutor.java:171)
	at org.openqa.selenium.remote.RemoteWebDriver.execute(RemoteWebDriver.java:602)
	at org.openqa.selenium.remote.RemoteWebDriver.perform(RemoteWebDriver.java:688)
	at org.openqa.selenium.interactions.Actions$BuiltAction.perform(Actions.java:605)
	at com.sevenrmartsupermarket.utilities.PageUtility.mouseClick(PageUtility.java:36)
	at com.sevenrmartsupermarket.pages.AdminUserPage.userNameUpdateButtonClick(AdminUserPage.java:212)
	at com.sevenrmartsupermarket.tests.AdminUserTest.validateUserDetailUpdateButtonFunctionality(AdminUserTest.java:101)
	at java.base/java.util.ArrayList.forEach(ArrayList.java:1511)
... Removed 36 stack frames
</div> <!-- stack-trace -->
                </div> <!-- method-content -->
              </div> <!-- method -->
              <div class="method">
                <div class="method-content">
                  <a name="validateUserDetailUpdateButtonFunctionality">
                  </a> <!-- validateUserDetailUpdateButtonFunctionality -->
                  <span class="method-name">validateUserDetailUpdateButtonFunctionality</span>
                  <div class="stack-trace">org.openqa.selenium.WebDriverException: unknown error: unhandled inspector error: {&quot;code&quot;:-32000,&quot;message&quot;:&quot;Node with given id does not belong to the document&quot;}
  (Session info: chrome=134.0.6998.90)
Build info: version: &apos;4.12.1&apos;, revision: &apos;8e34639b11&apos;
System info: os.name: &apos;Windows 11&apos;, os.arch: &apos;amd64&apos;, os.version: &apos;10.0&apos;, java.version: &apos;17.0.5&apos;
Driver info: org.openqa.selenium.chrome.ChromeDriver
Command: [fd271bd69fb77d8871be0ea125ba2acc, actions {actions=[org.openqa.selenium.interactions.Sequence@78b2d29e]}]
Capabilities {acceptInsecureCerts: false, browserName: chrome, browserVersion: 134.0.6998.90, chrome: {chromedriverVersion: 134.0.6998.88 (7e3d5c978c6d..., userDataDir: C:\Users\aksha\AppData\Loca...}, fedcm:accounts: true, goog:chromeOptions: {debuggerAddress: localhost:58502}, networkConnectionEnabled: false, pageLoadStrategy: normal, platformName: windows, proxy: Proxy(), se:cdp: ws://localhost:58502/devtoo..., se:cdpVersion: 134.0.6998.90, setWindowRect: true, strictFileInteractability: false, timeouts: {implicit: 0, pageLoad: 300000, script: 30000}, unhandledPromptBehavior: dismiss and notify, webauthn:extension:credBlob: true, webauthn:extension:largeBlob: true, webauthn:extension:minPinLength: true, webauthn:extension:prf: true, webauthn:virtualAuthenticators: true}
Session ID: fd271bd69fb77d8871be0ea125ba2acc
	at org.openqa.selenium.remote.codec.w3c.W3CHttpResponseCodec.createException(W3CHttpResponseCodec.java:200)
	at org.openqa.selenium.remote.codec.w3c.W3CHttpResponseCodec.decode(W3CHttpResponseCodec.java:133)
	at org.openqa.selenium.remote.codec.w3c.W3CHttpResponseCodec.decode(W3CHttpResponseCodec.java:52)
	at org.openqa.selenium.remote.HttpCommandExecutor.execute(HttpCommandExecutor.java:191)
	at org.openqa.selenium.remote.service.DriverCommandExecutor.invokeExecute(DriverCommandExecutor.java:196)
	at org.openqa.selenium.remote.service.DriverCommandExecutor.execute(DriverCommandExecutor.java:171)
	at org.openqa.selenium.remote.RemoteWebDriver.execute(RemoteWebDriver.java:602)
	at org.openqa.selenium.remote.RemoteWebDriver.perform(RemoteWebDriver.java:688)
	at org.openqa.selenium.interactions.Actions$BuiltAction.perform(Actions.java:605)
	at com.sevenrmartsupermarket.utilities.PageUtility.mouseClick(PageUtility.java:36)
	at com.sevenrmartsupermarket.pages.AdminUserPage.userNameUpdateButtonClick(AdminUserPage.java:212)
	at com.sevenrmartsupermarket.tests.AdminUserTest.validateUserDetailUpdateButtonFunctionality(AdminUserTest.java:101)
	at java.base/java.util.ArrayList.forEach(ArrayList.java:1511)
... Removed 36 stack frames
</div> <!-- stack-trace -->
                </div> <!-- method-content -->
              </div> <!-- method -->
              <div class="method">
                <div class="method-content">
                  <a name="validateUserDetailUpdateButtonFunctionality">
                  </a> <!-- validateUserDetailUpdateButtonFunctionality -->
                  <span class="method-name">validateUserDetailUpdateButtonFunctionality</span>
                  <div class="stack-trace">org.openqa.selenium.remote.UnreachableBrowserException: Error communicating with the remote browser. It may have died.
Build info: version: &apos;4.12.1&apos;, revision: &apos;8e34639b11&apos;
System info: os.name: &apos;Windows 11&apos;, os.arch: &apos;amd64&apos;, os.version: &apos;10.0&apos;, java.version: &apos;17.0.5&apos;
Driver info: org.openqa.selenium.chrome.ChromeDriver
Command: [a538b4eb3277fa2491fef740ba7bbb14, findElement [using, value]]
Capabilities {acceptInsecureCerts: false, browserName: chrome, browserVersion: 134.0.6998.90, chrome: {chromedriverVersion: 134.0.6998.88 (7e3d5c978c6d..., userDataDir: C:\Users\aksha\AppData\Loca...}, fedcm:accounts: true, goog:chromeOptions: {debuggerAddress: localhost:58474}, networkConnectionEnabled: false, pageLoadStrategy: normal, platformName: windows, proxy: Proxy(), se:cdp: ws://localhost:58474/devtoo..., se:cdpVersion: 134.0.6998.90, setWindowRect: true, strictFileInteractability: false, timeouts: {implicit: 0, pageLoad: 300000, script: 30000}, unhandledPromptBehavior: dismiss and notify, webauthn:extension:credBlob: true, webauthn:extension:largeBlob: true, webauthn:extension:minPinLength: true, webauthn:extension:prf: true, webauthn:virtualAuthenticators: true}
Session ID: a538b4eb3277fa2491fef740ba7bbb14
	at org.openqa.selenium.remote.RemoteWebDriver.execute(RemoteWebDriver.java:629)
	at org.openqa.selenium.remote.ElementLocation$ElementFinder$2.findElement(ElementLocation.java:165)
	at org.openqa.selenium.remote.ElementLocation.findElement(ElementLocation.java:59)
	at org.openqa.selenium.remote.RemoteWebDriver.findElement(RemoteWebDriver.java:359)
	at org.openqa.selenium.remote.RemoteWebDriver.findElement(RemoteWebDriver.java:353)
	at org.openqa.selenium.support.pagefactory.DefaultElementLocator.findElement(DefaultElementLocator.java:68)
	at org.openqa.selenium.support.pagefactory.internal.LocatingElementHandler.invoke(LocatingElementHandler.java:38)
	at jdk.proxy2/jdk.proxy2.$Proxy14.isDisplayed(Unknown Source)
	at com.sevenrmartsupermarket.pages.AdminUserPage.checkAlertMessage(AdminUserPage.java:105)
	at com.sevenrmartsupermarket.pages.AdminUserPage.updteAlert(AdminUserPage.java:220)
	at com.sevenrmartsupermarket.tests.AdminUserTest.validateUserDetailUpdateButtonFunctionality(AdminUserTest.java:102)
	at java.base/java.util.ArrayList.forEach(ArrayList.java:1511)
Caused by: java.io.UncheckedIOException: java.net.SocketException: Connection reset
	at org.openqa.selenium.remote.http.netty.NettyHttpHandler.makeCall(NettyHttpHandler.java:73)
	at org.openqa.selenium.remote.http.AddSeleniumUserAgent.lambda$apply$0(AddSeleniumUserAgent.java:42)
	at org.openqa.selenium.remote.http.Filter.lambda$andFinally$1(Filter.java:55)
	at org.openqa.selenium.remote.http.netty.NettyHttpHandler.execute(NettyHttpHandler.java:48)
	at org.openqa.selenium.remote.http.netty.NettyClient.execute(NettyClient.java:96)
	at org.openqa.selenium.remote.HttpCommandExecutor.execute(HttpCommandExecutor.java:188)
	at org.openqa.selenium.remote.service.DriverCommandExecutor.invokeExecute(DriverCommandExecutor.java:196)
	at org.openqa.selenium.remote.service.DriverCommandExecutor.execute(DriverCommandExecutor.java:171)
	at org.openqa.selenium.remote.RemoteWebDriver.execute(RemoteWebDriver.java:602)
	... 42 more
Caused by: java.net.SocketException: Connection reset
	at java.base/sun.nio.ch.SocketChannelImpl.throwConnectionReset(SocketChannelImpl.java:394)
	at java.base/sun.nio.ch.SocketChannelImpl.read(SocketChannelImpl.java:426)
	at io.netty.buffer.PooledByteBuf.setBytes(PooledByteBuf.java:254)
	at io.netty.buffer.AbstractByteBuf.writeBytes(AbstractByteBuf.java:1132)
	at io.netty.channel.socket.nio.NioSocketChannel.doReadBytes(NioSocketChannel.java:357)
	at io.netty.channel.nio.AbstractNioByteChannel$NioByteUnsafe.read(AbstractNioByteChannel.java:151)
	at io.netty.channel.nio.NioEventLoop.processSelectedKey(NioEventLoop.java:788)
	at io.netty.channel.nio.NioEventLoop.processSelectedKeysOptimized(NioEventLoop.java:724)
	at io.netty.channel.nio.NioEventLoop.processSelectedKeys(NioEventLoop.java:650)
	at io.netty.channel.nio.NioEventLoop.run(NioEventLoop.java:562)
	at io.netty.util.concurrent.SingleThreadEventExecutor$4.run(SingleThreadEventExecutor.java:997)
	at io.netty.util.internal.ThreadExecutorMap$2.run(ThreadExecutorMap.java:74)
	at io.netty.util.concurrent.FastThreadLocalRunnable.run(FastThreadLocalRunnable.java:30)
	at java.base/java.lang.Thread.run(Thread.java:833)
... Removed 31 stack frames
</div> <!-- stack-trace -->
                </div> <!-- method-content -->
              </div> <!-- method -->
            </div> <!-- main-panel-content rounded-window-bottom -->
          </div> <!-- suite-groupexecution-class-skipped -->
          <div class="suite-groupexecution-class-passed">
            <div class="main-panel-header rounded-window-top">
              <img src="passed.png"/>
              <span class="class-name">com.sevenrmartsupermarket.tests.HomeTest</span>
            </div> <!-- main-panel-header rounded-window-top -->
            <div class="main-panel-content rounded-window-bottom">
              <div class="method">
                <div class="method-content">
                  <a name="verifyMoreInfoLink">
                  </a> <!-- verifyMoreInfoLink -->
                  <span class="method-name">verifyMoreInfoLink</span>
                </div> <!-- method-content -->
              </div> <!-- method -->
              <div class="method">
                <div class="method-content">
                  <a name="verifyPageTitle">
                  </a> <!-- verifyPageTitle -->
                  <span class="method-name">verifyPageTitle</span>
                </div> <!-- method-content -->
              </div> <!-- method -->
            </div> <!-- main-panel-content rounded-window-bottom -->
          </div> <!-- suite-groupexecution-class-passed -->
          <div class="suite-groupexecution-class-passed">
            <div class="main-panel-header rounded-window-top">
              <img src="passed.png"/>
              <span class="class-name">com.sevenrmartsupermarket.tests.LoginTest</span>
            </div> <!-- main-panel-header rounded-window-top -->
            <div class="main-panel-content rounded-window-bottom">
              <div class="method">
                <div class="method-content">
                  <a name="verifyAfterLoginNavigation">
                  </a> <!-- verifyAfterLoginNavigation -->
                  <span class="method-name">verifyAfterLoginNavigation</span>
                  <em>
(Verify whether after login page is redirected to Home )                  </em>
                </div> <!-- method-content -->
              </div> <!-- method -->
              <div class="method">
                <div class="method-content">
                  <a name="verifyLogin">
                  </a> <!-- verifyLogin -->
                  <span class="method-name">verifyLogin</span>
                  <em>
(Verify login with valid credentials)                  </em>
                </div> <!-- method-content -->
              </div> <!-- method -->
            </div> <!-- main-panel-content rounded-window-bottom -->
          </div> <!-- suite-groupexecution-class-passed -->
          <div class="suite-groupexecution-class-passed">
            <div class="main-panel-header rounded-window-top">
              <img src="passed.png"/>
              <span class="class-name">com.sevenrmartsupermarket.tests.AdminUserTest</span>
            </div> <!-- main-panel-header rounded-window-top -->
            <div class="main-panel-content rounded-window-bottom">
              <div class="method">
                <div class="method-content">
                  <a name="validateSearchButtonfunctionality">
                  </a> <!-- validateSearchButtonfunctionality -->
                  <span class="method-name">validateSearchButtonfunctionality</span>
                  <em>
(Validate the search Button functionality )                  </em>
                </div> <!-- method-content -->
              </div> <!-- method -->
            </div> <!-- main-panel-content rounded-window-bottom -->
          </div> <!-- suite-groupexecution-class-passed -->
        </div> <!-- panel groupexecution -->
        <div panel-name="test-xml-groupexecution" class="panel">
          <div class="main-panel-header rounded-window-top">
            <span class="header-content">C:\Users\aksha\git\sevenrmartsupermarket\com.sevenrmartsupermarket\src\main\resources\xmlFile\groups.xml</span>
          </div> <!-- main-panel-header rounded-window-top -->
          <div class="main-panel-content rounded-window-bottom">
            <pre>
&lt;?xml version=&quot;1.0&quot; encoding=&quot;UTF-8&quot;?&gt;
&lt;!DOCTYPE suite SYSTEM &quot;https://testng.org/testng-1.0.dtd&quot;&gt;
&lt;suite name=&quot;groupexecution&quot; verbose=&quot;0&quot;&gt;
  &lt;listeners&gt;
    &lt;listener class-name=&quot;com.sevenrmartsupermarket.listeners.ExtentReporter&quot;/&gt;
  &lt;/listeners&gt;
  &lt;test thread-count=&quot;5&quot; name=&quot;regressionrun&quot; verbose=&quot;0&quot;&gt;
    &lt;groups&gt;
      &lt;run&gt;
        &lt;include name=&quot;regression&quot;/&gt;
      &lt;/run&gt;
    &lt;/groups&gt;
    &lt;classes&gt;
      &lt;class name=&quot;com.sevenrmartsupermarket.tests.LoginTest&quot;/&gt;
      &lt;class name=&quot;com.sevenrmartsupermarket.tests.HomeTest&quot;/&gt;
      &lt;class name=&quot;com.sevenrmartsupermarket.tests.AdminUserTest&quot;/&gt;
    &lt;/classes&gt;
  &lt;/test&gt; &lt;!-- regressionrun --&gt;
&lt;/suite&gt; &lt;!-- groupexecution --&gt;
            </pre>
          </div> <!-- main-panel-content rounded-window-bottom -->
        </div> <!-- panel -->
        <div panel-name="testlist-groupexecution" class="panel">
          <div class="main-panel-header rounded-window-top">
            <span class="header-content">Tests for groupexecution</span>
          </div> <!-- main-panel-header rounded-window-top -->
          <div class="main-panel-content rounded-window-bottom">
            <ul>
              <li>
                <span class="test-name">regressionrun (3 classes)</span>
              </li>
            </ul>
          </div> <!-- main-panel-content rounded-window-bottom -->
        </div> <!-- panel -->
        <div panel-name="group-groupexecution" class="panel">
          <div class="main-panel-header rounded-window-top">
            <span class="header-content">Groups for groupexecution</span>
          </div> <!-- main-panel-header rounded-window-top -->
          <div class="main-panel-content rounded-window-bottom">
            <div class="test-group">
              <span class="test-group-name">regression</span>
              <br/>
              <div class="method-in-group">
                <span class="method-in-group-name">validateAdminUserDeleteButtonFunctionality</span>
                <br/>
              </div> <!-- method-in-group -->
              <div class="method-in-group">
                <span class="method-in-group-name">validateNewUserCreation</span>
                <br/>
              </div> <!-- method-in-group -->
              <div class="method-in-group">
                <span class="method-in-group-name">validateSearchButtonfunctionality</span>
                <br/>
              </div> <!-- method-in-group -->
              <div class="method-in-group">
                <span class="method-in-group-name">validateUserDetailUpdateButtonFunctionality</span>
                <br/>
              </div> <!-- method-in-group -->
              <div class="method-in-group">
                <span class="method-in-group-name">verifyAfterLoginNavigation</span>
                <br/>
              </div> <!-- method-in-group -->
              <div class="method-in-group">
                <span class="method-in-group-name">verifyInvalidLogin</span>
                <br/>
              </div> <!-- method-in-group -->
              <div class="method-in-group">
                <span class="method-in-group-name">verifyLogin</span>
                <br/>
              </div> <!-- method-in-group -->
              <div class="method-in-group">
                <span class="method-in-group-name">verifyMoreInfoLink</span>
                <br/>
              </div> <!-- method-in-group -->
              <div class="method-in-group">
                <span class="method-in-group-name">verifyPageTitle</span>
                <br/>
              </div> <!-- method-in-group -->
            </div> <!-- test-group -->
            <div class="test-group">
              <span class="test-group-name">smoke</span>
              <br/>
              <div class="method-in-group">
                <span class="method-in-group-name">verifyMoreInfoLink</span>
                <br/>
              </div> <!-- method-in-group -->
            </div> <!-- test-group -->
          </div> <!-- main-panel-content rounded-window-bottom -->
        </div> <!-- panel -->
        <div panel-name="times-groupexecution" class="panel">
          <div class="main-panel-header rounded-window-top">
            <span class="header-content">Times for groupexecution</span>
          </div> <!-- main-panel-header rounded-window-top -->
          <div class="main-panel-content rounded-window-bottom">
            <div class="times-div">
              <script type="text/javascript">
suiteTableInitFunctions.push('tableData_groupexecution');
function tableData_groupexecution() {
var data = new google.visualization.DataTable();
data.addColumn('number', 'Number');
data.addColumn('string', 'Method');
data.addColumn('string', 'Class');
data.addColumn('number', 'Time (ms)');
data.addRows(20);
data.setCell(0, 0, 0)
data.setCell(0, 1, 'validateAdminUserDeleteButtonFunctionality')
data.setCell(0, 2, 'com.sevenrmartsupermarket.tests.AdminUserTest')
data.setCell(0, 3, 13664);
data.setCell(1, 0, 1)
data.setCell(1, 1, 'validateUserDetailUpdateButtonFunctionality')
data.setCell(1, 2, 'com.sevenrmartsupermarket.tests.AdminUserTest')
data.setCell(1, 3, 12338);
data.setCell(2, 0, 2)
data.setCell(2, 1, 'validateAdminUserDeleteButtonFunctionality')
data.setCell(2, 2, 'com.sevenrmartsupermarket.tests.AdminUserTest')
data.setCell(2, 3, 8315);
data.setCell(3, 0, 3)
data.setCell(3, 1, 'verifyMoreInfoLink')
data.setCell(3, 2, 'com.sevenrmartsupermarket.tests.HomeTest')
data.setCell(3, 3, 5252);
data.setCell(4, 0, 4)
data.setCell(4, 1, 'validateSearchButtonfunctionality')
data.setCell(4, 2, 'com.sevenrmartsupermarket.tests.AdminUserTest')
data.setCell(4, 3, 3080);
data.setCell(5, 0, 5)
data.setCell(5, 1, 'validateNewUserCreation')
data.setCell(5, 2, 'com.sevenrmartsupermarket.tests.AdminUserTest')
data.setCell(5, 3, 2773);
data.setCell(6, 0, 6)
data.setCell(6, 1, 'validateNewUserCreation')
data.setCell(6, 2, 'com.sevenrmartsupermarket.tests.AdminUserTest')
data.setCell(6, 3, 2098);
data.setCell(7, 0, 7)
data.setCell(7, 1, 'validateNewUserCreation')
data.setCell(7, 2, 'com.sevenrmartsupermarket.tests.AdminUserTest')
data.setCell(7, 3, 2024);
data.setCell(8, 0, 8)
data.setCell(8, 1, 'validateNewUserCreation')
data.setCell(8, 2, 'com.sevenrmartsupermarket.tests.AdminUserTest')
data.setCell(8, 3, 2002);
data.setCell(9, 0, 9)
data.setCell(9, 1, 'validateNewUserCreation')
data.setCell(9, 2, 'com.sevenrmartsupermarket.tests.AdminUserTest')
data.setCell(9, 3, 1972);
data.setCell(10, 0, 10)
data.setCell(10, 1, 'validateUserDetailUpdateButtonFunctionality')
data.setCell(10, 2, 'com.sevenrmartsupermarket.tests.AdminUserTest')
data.setCell(10, 3, 1771);
data.setCell(11, 0, 11)
data.setCell(11, 1, 'validateNewUserCreation')
data.setCell(11, 2, 'com.sevenrmartsupermarket.tests.AdminUserTest')
data.setCell(11, 3, 1763);
data.setCell(12, 0, 12)
data.setCell(12, 1, 'validateUserDetailUpdateButtonFunctionality')
data.setCell(12, 2, 'com.sevenrmartsupermarket.tests.AdminUserTest')
data.setCell(12, 3, 1756);
data.setCell(13, 0, 13)
data.setCell(13, 1, 'validateAdminUserDeleteButtonFunctionality')
data.setCell(13, 2, 'com.sevenrmartsupermarket.tests.AdminUserTest')
data.setCell(13, 3, 1717);
data.setCell(14, 0, 14)
data.setCell(14, 1, 'validateUserDetailUpdateButtonFunctionality')
data.setCell(14, 2, 'com.sevenrmartsupermarket.tests.AdminUserTest')
data.setCell(14, 3, 1505);
data.setCell(15, 0, 15)
data.setCell(15, 1, 'validateAdminUserDeleteButtonFunctionality')
data.setCell(15, 2, 'com.sevenrmartsupermarket.tests.AdminUserTest')
data.setCell(15, 3, 1409);
data.setCell(16, 0, 16)
data.setCell(16, 1, 'verifyInvalidLogin')
data.setCell(16, 2, 'com.sevenrmartsupermarket.tests.LoginTest')
data.setCell(16, 3, 751);
data.setCell(17, 0, 17)
data.setCell(17, 1, 'verifyLogin')
data.setCell(17, 2, 'com.sevenrmartsupermarket.tests.LoginTest')
data.setCell(17, 3, 572);
data.setCell(18, 0, 18)
data.setCell(18, 1, 'verifyAfterLoginNavigation')
data.setCell(18, 2, 'com.sevenrmartsupermarket.tests.LoginTest')
data.setCell(18, 3, 544);
data.setCell(19, 0, 19)
data.setCell(19, 1, 'verifyPageTitle')
data.setCell(19, 2, 'com.sevenrmartsupermarket.tests.HomeTest')
data.setCell(19, 3, 9);
window.suiteTableData['groupexecution']= { tableData: data, tableDiv: 'times-div-groupexecution'}
return data;
}
              </script>
              <span class="suite-total-time">Total running time: 1 minutes</span>
              <div id="times-div-groupexecution">
              </div> <!-- times-div-groupexecution -->
            </div> <!-- times-div -->
          </div> <!-- main-panel-content rounded-window-bottom -->
        </div> <!-- panel -->
        <div panel-name="reporter-groupexecution" class="panel">
          <div class="main-panel-header rounded-window-top">
            <span class="header-content">Reporter output for groupexecution</span>
          </div> <!-- main-panel-header rounded-window-top -->
          <div class="main-panel-content rounded-window-bottom">
          </div> <!-- main-panel-content rounded-window-bottom -->
        </div> <!-- panel -->
        <div panel-name="ignored-methods-groupexecution" class="panel">
          <div class="main-panel-header rounded-window-top">
            <span class="header-content">6 ignored methods</span>
          </div> <!-- main-panel-header rounded-window-top -->
          <div class="main-panel-content rounded-window-bottom">
            <div class="ignored-class-div">
              <span class="ignored-class-name">com.sevenrmartsupermarket.tests.HomeTest</span>
              <div class="ignored-methods-div">
                <span class="ignored-method-name">verifyProfileName</span>
                <br/>
                <span class="ignored-method-name">verifyLogOutFunctionality</span>
                <br/>
              </div> <!-- ignored-methods-div -->
            </div> <!-- ignored-class-div -->
            <div class="ignored-class-div">
              <span class="ignored-class-name">com.sevenrmartsupermarket.tests.AdminUserTest</span>
              <div class="ignored-methods-div">
                <span class="ignored-method-name">validateUserStatusButtonFunctionality</span>
                <br/>
                <span class="ignored-method-name">validatePasswordVisibility</span>
                <br/>
                <span class="ignored-method-name">verifyNavigationToAdminUserPage</span>
                <br/>
                <span class="ignored-method-name">validateDuplicateUserEnterEntry</span>
                <br/>
              </div> <!-- ignored-methods-div -->
            </div> <!-- ignored-class-div -->
          </div> <!-- main-panel-content rounded-window-bottom -->
        </div> <!-- panel -->
        <div panel-name="chronological-groupexecution" class="panel">
          <div class="main-panel-header rounded-window-top">
            <span class="header-content">Methods in chronological order</span>
          </div> <!-- main-panel-header rounded-window-top -->
          <div class="main-panel-content rounded-window-bottom">
            <div class="chronological-class">
              <div class="chronological-class-name">com.sevenrmartsupermarket.tests.LoginTest</div> <!-- chronological-class-name -->
              <div class="configuration-method before">
                <span class="method-name">launchSession</span>
                <span class="method-start">0 ms</span>
              </div> <!-- configuration-method before -->
              <div class="test-method">
                <span class="method-name">verifyAfterLoginNavigation</span>
                <span class="method-start">3020 ms</span>
              </div> <!-- test-method -->
              <div class="configuration-method before">
                <span class="method-name">launchSession</span>
                <span class="method-start">3570 ms</span>
              </div> <!-- configuration-method before -->
              <div class="test-method">
                <img src="failed.png">
                </img>
                <span class="method-name">verifyInvalidLogin</span>
                <span class="method-start">4933 ms</span>
              </div> <!-- test-method -->
              <div class="configuration-method before">
                <span class="method-name">launchSession</span>
                <span class="method-start">5689 ms</span>
              </div> <!-- configuration-method before -->
              <div class="test-method">
                <span class="method-name">verifyLogin</span>
                <span class="method-start">7036 ms</span>
              </div> <!-- test-method -->
            </div> <!-- chronological-class -->
            <div class="chronological-class">
              <div class="chronological-class-name">com.sevenrmartsupermarket.tests.HomeTest</div> <!-- chronological-class-name -->
              <div class="configuration-method before">
                <span class="method-name">launchSession</span>
                <span class="method-start">7611 ms</span>
              </div> <!-- configuration-method before -->
              <div class="test-method">
                <span class="method-name">verifyMoreInfoLink</span>
                <span class="method-start">9065 ms</span>
              </div> <!-- test-method -->
              <div class="configuration-method before">
                <span class="method-name">launchSession</span>
                <span class="method-start">14319 ms</span>
              </div> <!-- configuration-method before -->
              <div class="test-method">
                <span class="method-name">verifyPageTitle</span>
                <span class="method-start">15843 ms</span>
              </div> <!-- test-method -->
            </div> <!-- chronological-class -->
            <div class="chronological-class">
              <div class="chronological-class-name">com.sevenrmartsupermarket.tests.AdminUserTest</div> <!-- chronological-class-name -->
              <div class="configuration-method before">
                <span class="method-name">launchSession</span>
                <span class="method-start">15853 ms</span>
              </div> <!-- configuration-method before -->
              <div class="test-method">
                <span class="method-name">validateAdminUserDeleteButtonFunctionality</span>
                <span class="method-start">18229 ms</span>
              </div> <!-- test-method -->
              <div class="configuration-method before">
                <span class="method-name">launchSession</span>
                <span class="method-start">31898 ms</span>
              </div> <!-- configuration-method before -->
              <div class="test-method">
                <span class="method-name">validateAdminUserDeleteButtonFunctionality</span>
                <span class="method-start">33560 ms</span>
              </div> <!-- test-method -->
              <div class="configuration-method before">
                <span class="method-name">launchSession</span>
                <span class="method-start">35278 ms</span>
              </div> <!-- configuration-method before -->
              <div class="test-method">
                <span class="method-name">validateAdminUserDeleteButtonFunctionality</span>
                <span class="method-start">37161 ms</span>
              </div> <!-- test-method -->
              <div class="configuration-method before">
                <span class="method-name">launchSession</span>
                <span class="method-start">45477 ms</span>
              </div> <!-- configuration-method before -->
              <div class="test-method">
                <img src="failed.png">
                </img>
                <span class="method-name">validateAdminUserDeleteButtonFunctionality</span>
                <span class="method-start">47080 ms</span>
              </div> <!-- test-method -->
              <div class="configuration-method before">
                <span class="method-name">launchSession</span>
                <span class="method-start">48544 ms</span>
              </div> <!-- configuration-method before -->
              <div class="test-method">
                <img src="failed.png">
                </img>
                <span class="method-name">validateNewUserCreation(NarayanRT, Flowers, Admin)</span>
                <span class="method-start">49903 ms</span>
              </div> <!-- test-method -->
              <div class="configuration-method before">
                <span class="method-name">launchSession</span>
                <span class="method-start">51668 ms</span>
              </div> <!-- configuration-method before -->
              <div class="test-method">
                <img src="failed.png">
                </img>
                <span class="method-name">validateNewUserCreation(SayuRD, ASN1234, Admin)</span>
                <span class="method-start">53037 ms</span>
              </div> <!-- test-method -->
              <div class="configuration-method before">
                <span class="method-name">launchSession</span>
                <span class="method-start">55011 ms</span>
              </div> <!-- configuration-method before -->
              <div class="test-method">
                <img src="failed.png">
                </img>
                <span class="method-name">validateNewUserCreation(Lucose.Vinu, RRS345, Staff)</span>
                <span class="method-start">56738 ms</span>
              </div> <!-- test-method -->
              <div class="configuration-method before">
                <span class="method-name">launchSession</span>
                <span class="method-start">59512 ms</span>
              </div> <!-- configuration-method before -->
              <div class="test-method">
                <img src="failed.png">
                </img>
                <span class="method-name">validateNewUserCreation(Silly.sanu, Sindu345, Admin)</span>
                <span class="method-start">62905 ms</span>
              </div> <!-- test-method -->
              <div class="configuration-method before">
                <span class="method-name">launchSession</span>
                <span class="method-start">65003 ms</span>
              </div> <!-- configuration-method before -->
              <div class="test-method">
                <img src="failed.png">
                </img>
                <span class="method-name">validateNewUserCreation(Reenu.Sam, RichuAS, Admin)</span>
                <span class="method-start">68404 ms</span>
              </div> <!-- test-method -->
              <div class="configuration-method before">
                <span class="method-name">launchSession</span>
                <span class="method-start">70428 ms</span>
              </div> <!-- configuration-method before -->
              <div class="test-method">
                <img src="failed.png">
                </img>
                <span class="method-name">validateNewUserCreation(Sreelu.Hary, Nainu456, Admin)</span>
                <span class="method-start">71913 ms</span>
              </div> <!-- test-method -->
              <div class="configuration-method before">
                <span class="method-name">launchSession</span>
                <span class="method-start">73917 ms</span>
              </div> <!-- configuration-method before -->
              <div class="test-method">
                <span class="method-name">validateSearchButtonfunctionality</span>
                <span class="method-start">75539 ms</span>
              </div> <!-- test-method -->
              <div class="configuration-method before">
                <span class="method-name">launchSession</span>
                <span class="method-start">78621 ms</span>
              </div> <!-- configuration-method before -->
              <div class="test-method">
                <span class="method-name">validateUserDetailUpdateButtonFunctionality</span>
                <span class="method-start">81118 ms</span>
              </div> <!-- test-method -->
              <div class="configuration-method before">
                <span class="method-name">launchSession</span>
                <span class="method-start">93457 ms</span>
              </div> <!-- configuration-method before -->
              <div class="test-method">
                <span class="method-name">validateUserDetailUpdateButtonFunctionality</span>
                <span class="method-start">95096 ms</span>
              </div> <!-- test-method -->
              <div class="configuration-method before">
                <span class="method-name">launchSession</span>
                <span class="method-start">96601 ms</span>
              </div> <!-- configuration-method before -->
              <div class="test-method">
                <span class="method-name">validateUserDetailUpdateButtonFunctionality</span>
                <span class="method-start">98114 ms</span>
              </div> <!-- test-method -->
              <div class="configuration-method before">
                <span class="method-name">launchSession</span>
                <span class="method-start">99887 ms</span>
              </div> <!-- configuration-method before -->
              <div class="test-method">
                <img src="failed.png">
                </img>
                <span class="method-name">validateUserDetailUpdateButtonFunctionality</span>
                <span class="method-start">101997 ms</span>
              </div> <!-- test-method -->
          </div> <!-- main-panel-content rounded-window-bottom -->
        </div> <!-- panel -->
      </div> <!-- main-panel-root -->
    </div> <!-- wrapper -->
  </body>
<script type="text/javascript" src="testng-reports2.js"></script>
</html>
