<?xml version="1.0" encoding="UTF-8"?>
<!-- Generated by org.testng.reporters.JUnitXMLReporter -->
<testsuite ignored="6" hostname="HP" failures="9" tests="20" name="regressionrun" time="103.792" errors="0" timestamp="2025-03-20T13:08:04 IST">
  <testcase classname="com.sevenrmartsupermarket.tests.LoginTest" name="verifyAfterLoginNavigation" time="0.544"/>
  <testcase classname="com.sevenrmartsupermarket.tests.LoginTest" name="verifyInvalidLogin" time="0.751">
    <failure type="java.lang.AssertionError" message="expected [Ã— Alert! Invalid Username/Password] but found [× Alert! Invalid Username/Password]">
      <![CDATA[java.lang.AssertionError: expected [Ã— Alert! Invalid Username/Password] but found [× Alert! Invalid Username/Password]
at com.sevenrmartsupermarket.tests.LoginTest.verifyInvalidLogin(LoginTest.java:34)
at java.base/java.util.ArrayList.forEach(ArrayList.java:1511)
... Removed 37 stack frames]]>
    </failure>
  </testcase> <!-- verifyInvalidLogin -->
  <testcase classname="com.sevenrmartsupermarket.tests.LoginTest" name="verifyLogin" time="0.572"/>
  <testcase classname="com.sevenrmartsupermarket.tests.HomeTest" name="verifyMoreInfoLink" time="5.252"/>
  <testcase classname="com.sevenrmartsupermarket.tests.HomeTest" name="verifyPageTitle" time="0.009"/>
  <testcase classname="com.sevenrmartsupermarket.tests.AdminUserTest" name="validateAdminUserDeleteButtonFunctionality" time="13.664">
    <skipped/>
  </testcase> <!-- validateAdminUserDeleteButtonFunctionality -->
  <testcase classname="com.sevenrmartsupermarket.tests.AdminUserTest" name="validateAdminUserDeleteButtonFunctionality" time="1.717">
    <skipped/>
  </testcase> <!-- validateAdminUserDeleteButtonFunctionality -->
  <testcase classname="com.sevenrmartsupermarket.tests.AdminUserTest" name="validateAdminUserDeleteButtonFunctionality" time="8.315">
    <skipped/>
  </testcase> <!-- validateAdminUserDeleteButtonFunctionality -->
  <testcase classname="com.sevenrmartsupermarket.tests.AdminUserTest" name="validateAdminUserDeleteButtonFunctionality" time="1.409">
    <failure type="org.openqa.selenium.StaleElementReferenceException" message="stale element reference: stale element not found
  (Session info: chrome=134.0.6998.90)
For documentation on this error, please visit: https://www.selenium.dev/documentation/webdriver/troubleshooting/errors#stale-element-reference-exception
Build info: version: &amp;apos;4.12.1&amp;apos;, revision: &amp;apos;8e34639b11&amp;apos;
System info: os.name: &amp;apos;Windows 11&amp;apos;, os.arch: &amp;apos;amd64&amp;apos;, os.version: &amp;apos;10.0&amp;apos;, java.version: &amp;apos;17.0.5&amp;apos;
Driver info: org.openqa.selenium.chrome.ChromeDriver
Command: [19cd26e96b46696de9547722c9b0a55f, clickElement {id=f.FFA842CDE02BB64EA1E72B805566B32D.d.758C13721800B206A6C858397A248E1B.e.135}]
Capabilities {acceptInsecureCerts: false, browserName: chrome, browserVersion: 134.0.6998.90, chrome: {chromedriverVersion: 134.0.6998.88 (7e3d5c978c6d..., userDataDir: C:\Users\aksha\AppData\Loca...}, fedcm:accounts: true, goog:chromeOptions: {debuggerAddress: localhost:58316}, networkConnectionEnabled: false, pageLoadStrategy: normal, platformName: windows, proxy: Proxy(), se:cdp: ws://localhost:58316/devtoo..., se:cdpVersion: 134.0.6998.90, setWindowRect: true, strictFileInteractability: false, timeouts: {implicit: 0, pageLoad: 300000, script: 30000}, unhandledPromptBehavior: dismiss and notify, webauthn:extension:credBlob: true, webauthn:extension:largeBlob: true, webauthn:extension:minPinLength: true, webauthn:extension:prf: true, webauthn:virtualAuthenticators: true}
Element: [[ChromeDriver: chrome on windows (19cd26e96b46696de9547722c9b0a55f)] -&amp;gt; xpath: //table//tbody//tr[1]//td[5]/a[3]]
Session ID: 19cd26e96b46696de9547722c9b0a55f">
      <![CDATA[org.openqa.selenium.StaleElementReferenceException: stale element reference: stale element not found
  (Session info: chrome=134.0.6998.90)
For documentation on this error, please visit: https://www.selenium.dev/documentation/webdriver/troubleshooting/errors#stale-element-reference-exception
Build info: version: '4.12.1', revision: '8e34639b11'
System info: os.name: 'Windows 11', os.arch: 'amd64', os.version: '10.0', java.version: '17.0.5'
Driver info: org.openqa.selenium.chrome.ChromeDriver
Command: [19cd26e96b46696de9547722c9b0a55f, clickElement {id=f.FFA842CDE02BB64EA1E72B805566B32D.d.758C13721800B206A6C858397A248E1B.e.135}]
Capabilities {acceptInsecureCerts: false, browserName: chrome, browserVersion: 134.0.6998.90, chrome: {chromedriverVersion: 134.0.6998.88 (7e3d5c978c6d..., userDataDir: C:\Users\aksha\AppData\Loca...}, fedcm:accounts: true, goog:chromeOptions: {debuggerAddress: localhost:58316}, networkConnectionEnabled: false, pageLoadStrategy: normal, platformName: windows, proxy: Proxy(), se:cdp: ws://localhost:58316/devtoo..., se:cdpVersion: 134.0.6998.90, setWindowRect: true, strictFileInteractability: false, timeouts: {implicit: 0, pageLoad: 300000, script: 30000}, unhandledPromptBehavior: dismiss and notify, webauthn:extension:credBlob: true, webauthn:extension:largeBlob: true, webauthn:extension:minPinLength: true, webauthn:extension:prf: true, webauthn:virtualAuthenticators: true}
Element: [[ChromeDriver: chrome on windows (19cd26e96b46696de9547722c9b0a55f)] -> xpath: //table//tbody//tr[1]//td[5]/a[3]]
Session ID: 19cd26e96b46696de9547722c9b0a55f
at org.openqa.selenium.remote.codec.w3c.W3CHttpResponseCodec.createException(W3CHttpResponseCodec.java:200)
at org.openqa.selenium.remote.codec.w3c.W3CHttpResponseCodec.decode(W3CHttpResponseCodec.java:133)
at org.openqa.selenium.remote.codec.w3c.W3CHttpResponseCodec.decode(W3CHttpResponseCodec.java:52)
at org.openqa.selenium.remote.HttpCommandExecutor.execute(HttpCommandExecutor.java:191)
at org.openqa.selenium.remote.service.DriverCommandExecutor.invokeExecute(DriverCommandExecutor.java:196)
at org.openqa.selenium.remote.service.DriverCommandExecutor.execute(DriverCommandExecutor.java:171)
at org.openqa.selenium.remote.RemoteWebDriver.execute(RemoteWebDriver.java:602)
at org.openqa.selenium.remote.RemoteWebElement.execute(RemoteWebElement.java:224)
at org.openqa.selenium.remote.RemoteWebElement.click(RemoteWebElement.java:77)
at org.openqa.selenium.support.pagefactory.internal.LocatingElementHandler.invoke(LocatingElementHandler.java:51)
at jdk.proxy2/jdk.proxy2.$Proxy14.click(Unknown Source)
at com.sevenrmartsupermarket.utilities.PageUtility.switchToAlert(PageUtility.java:51)
at com.sevenrmartsupermarket.pages.AdminUserPage.userDeleteButtonClick(AdminUserPage.java:227)
at com.sevenrmartsupermarket.tests.AdminUserTest.validateAdminUserDeleteButtonFunctionality(AdminUserTest.java:117)
at java.base/java.util.ArrayList.forEach(ArrayList.java:1511)
... Removed 39 stack frames]]>
    </failure>
  </testcase> <!-- validateAdminUserDeleteButtonFunctionality -->
  <testcase classname="com.sevenrmartsupermarket.tests.AdminUserTest" name="validateNewUserCreation" time="1.763">
    <failure type="java.lang.AssertionError" message="expected [Ã— Alert! User Created Successfully] but found [× Alert! User Created Successfully]">
      <![CDATA[java.lang.AssertionError: expected [Ã— Alert! User Created Successfully] but found [× Alert! User Created Successfully]
at com.sevenrmartsupermarket.tests.AdminUserTest.validateNewUserCreation(AdminUserTest.java:40)
at java.base/java.util.ArrayList.forEach(ArrayList.java:1511)
... Removed 37 stack frames]]>
    </failure>
  </testcase> <!-- validateNewUserCreation -->
  <testcase classname="com.sevenrmartsupermarket.tests.AdminUserTest" name="validateNewUserCreation" time="1.972">
    <failure type="java.lang.AssertionError" message="expected [Ã— Alert! User Created Successfully] but found [× Alert! User Created Successfully]">
      <![CDATA[java.lang.AssertionError: expected [Ã— Alert! User Created Successfully] but found [× Alert! User Created Successfully]
at com.sevenrmartsupermarket.tests.AdminUserTest.validateNewUserCreation(AdminUserTest.java:40)
at java.base/java.util.ArrayList.forEach(ArrayList.java:1511)
... Removed 37 stack frames]]>
    </failure>
  </testcase> <!-- validateNewUserCreation -->
  <testcase classname="com.sevenrmartsupermarket.tests.AdminUserTest" name="validateNewUserCreation" time="2.773">
    <failure type="java.lang.AssertionError" message="expected [Ã— Alert! User Created Successfully] but found [× Alert! User Created Successfully]">
      <![CDATA[java.lang.AssertionError: expected [Ã— Alert! User Created Successfully] but found [× Alert! User Created Successfully]
at com.sevenrmartsupermarket.tests.AdminUserTest.validateNewUserCreation(AdminUserTest.java:40)
at java.base/java.util.ArrayList.forEach(ArrayList.java:1511)
... Removed 37 stack frames]]>
    </failure>
  </testcase> <!-- validateNewUserCreation -->
  <testcase classname="com.sevenrmartsupermarket.tests.AdminUserTest" name="validateNewUserCreation" time="2.098">
    <failure type="java.lang.AssertionError" message="expected [Ã— Alert! User Created Successfully] but found [× Alert! User Created Successfully]">
      <![CDATA[java.lang.AssertionError: expected [Ã— Alert! User Created Successfully] but found [× Alert! User Created Successfully]
at com.sevenrmartsupermarket.tests.AdminUserTest.validateNewUserCreation(AdminUserTest.java:40)
at java.base/java.util.ArrayList.forEach(ArrayList.java:1511)
... Removed 37 stack frames]]>
    </failure>
  </testcase> <!-- validateNewUserCreation -->
  <testcase classname="com.sevenrmartsupermarket.tests.AdminUserTest" name="validateNewUserCreation" time="2.024">
    <failure type="java.lang.AssertionError" message="expected [Ã— Alert! User Created Successfully] but found [× Alert! User Created Successfully]">
      <![CDATA[java.lang.AssertionError: expected [Ã— Alert! User Created Successfully] but found [× Alert! User Created Successfully]
at com.sevenrmartsupermarket.tests.AdminUserTest.validateNewUserCreation(AdminUserTest.java:40)
at java.base/java.util.ArrayList.forEach(ArrayList.java:1511)
... Removed 37 stack frames]]>
    </failure>
  </testcase> <!-- validateNewUserCreation -->
  <testcase classname="com.sevenrmartsupermarket.tests.AdminUserTest" name="validateNewUserCreation" time="2.002">
    <failure type="java.lang.AssertionError" message="expected [Ã— Alert! User Created Successfully] but found [× Alert! User Created Successfully]">
      <![CDATA[java.lang.AssertionError: expected [Ã— Alert! User Created Successfully] but found [× Alert! User Created Successfully]
at com.sevenrmartsupermarket.tests.AdminUserTest.validateNewUserCreation(AdminUserTest.java:40)
at java.base/java.util.ArrayList.forEach(ArrayList.java:1511)
... Removed 37 stack frames]]>
    </failure>
  </testcase> <!-- validateNewUserCreation -->
  <testcase classname="com.sevenrmartsupermarket.tests.AdminUserTest" name="validateSearchButtonfunctionality" time="3.08"/>
  <testcase classname="com.sevenrmartsupermarket.tests.AdminUserTest" name="validateUserDetailUpdateButtonFunctionality" time="12.338">
    <skipped/>
  </testcase> <!-- validateUserDetailUpdateButtonFunctionality -->
  <testcase classname="com.sevenrmartsupermarket.tests.AdminUserTest" name="validateUserDetailUpdateButtonFunctionality" time="1.505">
    <skipped/>
  </testcase> <!-- validateUserDetailUpdateButtonFunctionality -->
  <testcase classname="com.sevenrmartsupermarket.tests.AdminUserTest" name="validateUserDetailUpdateButtonFunctionality" time="1.771">
    <skipped/>
  </testcase> <!-- validateUserDetailUpdateButtonFunctionality -->
  <testcase classname="com.sevenrmartsupermarket.tests.AdminUserTest" name="validateUserDetailUpdateButtonFunctionality" time="1.756">
    <failure type="org.openqa.selenium.StaleElementReferenceException" message="stale element reference: stale element not found
  (Session info: chrome=134.0.6998.90)
For documentation on this error, please visit: https://www.selenium.dev/documentation/webdriver/troubleshooting/errors#stale-element-reference-exception
Build info: version: &amp;apos;4.12.1&amp;apos;, revision: &amp;apos;8e34639b11&amp;apos;
System info: os.name: &amp;apos;Windows 11&amp;apos;, os.arch: &amp;apos;amd64&amp;apos;, os.version: &amp;apos;10.0&amp;apos;, java.version: &amp;apos;17.0.5&amp;apos;
Driver info: org.openqa.selenium.chrome.ChromeDriver
Command: [e3c6cfc4c6627752d73e57dfa52a93ed, actions {actions=[org.openqa.selenium.interactions.Sequence@75973f7a]}]
Capabilities {acceptInsecureCerts: false, browserName: chrome, browserVersion: 134.0.6998.90, chrome: {chromedriverVersion: 134.0.6998.88 (7e3d5c978c6d..., userDataDir: C:\Users\aksha\AppData\Loca...}, fedcm:accounts: true, goog:chromeOptions: {debuggerAddress: localhost:58549}, networkConnectionEnabled: false, pageLoadStrategy: normal, platformName: windows, proxy: Proxy(), se:cdp: ws://localhost:58549/devtoo..., se:cdpVersion: 134.0.6998.90, setWindowRect: true, strictFileInteractability: false, timeouts: {implicit: 0, pageLoad: 300000, script: 30000}, unhandledPromptBehavior: dismiss and notify, webauthn:extension:credBlob: true, webauthn:extension:largeBlob: true, webauthn:extension:minPinLength: true, webauthn:extension:prf: true, webauthn:virtualAuthenticators: true}
Session ID: e3c6cfc4c6627752d73e57dfa52a93ed">
      <![CDATA[org.openqa.selenium.StaleElementReferenceException: stale element reference: stale element not found
  (Session info: chrome=134.0.6998.90)
For documentation on this error, please visit: https://www.selenium.dev/documentation/webdriver/troubleshooting/errors#stale-element-reference-exception
Build info: version: '4.12.1', revision: '8e34639b11'
System info: os.name: 'Windows 11', os.arch: 'amd64', os.version: '10.0', java.version: '17.0.5'
Driver info: org.openqa.selenium.chrome.ChromeDriver
Command: [e3c6cfc4c6627752d73e57dfa52a93ed, actions {actions=[org.openqa.selenium.interactions.Sequence@75973f7a]}]
Capabilities {acceptInsecureCerts: false, browserName: chrome, browserVersion: 134.0.6998.90, chrome: {chromedriverVersion: 134.0.6998.88 (7e3d5c978c6d..., userDataDir: C:\Users\aksha\AppData\Loca...}, fedcm:accounts: true, goog:chromeOptions: {debuggerAddress: localhost:58549}, networkConnectionEnabled: false, pageLoadStrategy: normal, platformName: windows, proxy: Proxy(), se:cdp: ws://localhost:58549/devtoo..., se:cdpVersion: 134.0.6998.90, setWindowRect: true, strictFileInteractability: false, timeouts: {implicit: 0, pageLoad: 300000, script: 30000}, unhandledPromptBehavior: dismiss and notify, webauthn:extension:credBlob: true, webauthn:extension:largeBlob: true, webauthn:extension:minPinLength: true, webauthn:extension:prf: true, webauthn:virtualAuthenticators: true}
Session ID: e3c6cfc4c6627752d73e57dfa52a93ed
at org.openqa.selenium.remote.codec.w3c.W3CHttpResponseCodec.createException(W3CHttpResponseCodec.java:200)
at org.openqa.selenium.remote.codec.w3c.W3CHttpResponseCodec.decode(W3CHttpResponseCodec.java:133)
at org.openqa.selenium.remote.codec.w3c.W3CHttpResponseCodec.decode(W3CHttpResponseCodec.java:52)
at org.openqa.selenium.remote.HttpCommandExecutor.execute(HttpCommandExecutor.java:191)
at org.openqa.selenium.remote.service.DriverCommandExecutor.invokeExecute(DriverCommandExecutor.java:196)
at org.openqa.selenium.remote.service.DriverCommandExecutor.execute(DriverCommandExecutor.java:171)
at org.openqa.selenium.remote.RemoteWebDriver.execute(RemoteWebDriver.java:602)
at org.openqa.selenium.remote.RemoteWebDriver.perform(RemoteWebDriver.java:688)
at org.openqa.selenium.interactions.Actions$BuiltAction.perform(Actions.java:605)
at com.sevenrmartsupermarket.utilities.PageUtility.mouseClick(PageUtility.java:36)
at com.sevenrmartsupermarket.pages.AdminUserPage.userNameUpdateButtonClick(AdminUserPage.java:212)
at com.sevenrmartsupermarket.tests.AdminUserTest.validateUserDetailUpdateButtonFunctionality(AdminUserTest.java:101)
at java.base/java.util.ArrayList.forEach(ArrayList.java:1511)
... Removed 36 stack frames]]>
    </failure>
  </testcase> <!-- validateUserDetailUpdateButtonFunctionality -->
  <testcase classname="com.sevenrmartsupermarket.tests.AdminUserTest" name="validateUserStatusButtonFunctionality" time="0.0">
    <ignored/>
  </testcase> <!-- validateUserStatusButtonFunctionality -->
  <testcase classname="com.sevenrmartsupermarket.tests.AdminUserTest" name="validatePasswordVisibility" time="0.0">
    <ignored/>
  </testcase> <!-- validatePasswordVisibility -->
  <testcase classname="com.sevenrmartsupermarket.tests.HomeTest" name="verifyProfileName" time="0.0">
    <ignored/>
  </testcase> <!-- verifyProfileName -->
  <testcase classname="com.sevenrmartsupermarket.tests.HomeTest" name="verifyLogOutFunctionality" time="0.0">
    <ignored/>
  </testcase> <!-- verifyLogOutFunctionality -->
  <testcase classname="com.sevenrmartsupermarket.tests.AdminUserTest" name="verifyNavigationToAdminUserPage" time="0.0">
    <ignored/>
  </testcase> <!-- verifyNavigationToAdminUserPage -->
  <testcase classname="com.sevenrmartsupermarket.tests.AdminUserTest" name="validateDuplicateUserEnterEntry" time="0.0">
    <ignored/>
  </testcase> <!-- validateDuplicateUserEnterEntry -->
</testsuite> <!-- regressionrun -->
