<?xml version="1.0" encoding="UTF-8"?>
<!-- Generated by org.testng.reporters.JUnitXMLReporter -->
<testsuite ignored="6" hostname="HP" failures="0" tests="14" name="regressionrun" time="0.648" errors="0" timestamp="2025-03-20T14:00:53 IST">
  <testcase classname="com.sevenrmartsupermarket.base.Base" name="@BeforeMethod launchSession" time="-1.742459452788E9">
    <failure type="org.testng.TestNGException" message="
Parameter &amp;apos;browser&amp;apos; is required by BeforeMethod on method launchSession but has not been marked @Optional or defined
in C:\Users\aksha\git\sevenrmartsupermarket\com.sevenrmartsupermarket\src\main\resources\xmlFile\groups.xml">
      <![CDATA[org.testng.TestNGException: 
Parameter 'browser' is required by BeforeMethod on method launchSession but has not been marked @Optional or defined
in C:\Users\aksha\git\sevenrmartsupermarket\com.sevenrmartsupermarket\src\main\resources\xmlFile\groups.xml
at java.base/java.util.ArrayList.forEach(ArrayList.java:1597)
... Removed 28 stack frames]]>
    </failure>
  </testcase> <!-- @BeforeMethod launchSession -->
  <testcase classname="com.sevenrmartsupermarket.base.Base" name="@BeforeMethod launchSession" time="-1.742459452812E9">
    <failure type="org.testng.TestNGException" message="
Parameter &amp;apos;browser&amp;apos; is required by BeforeMethod on method launchSession but has not been marked @Optional or defined
in C:\Users\aksha\git\sevenrmartsupermarket\com.sevenrmartsupermarket\src\main\resources\xmlFile\groups.xml">
      <![CDATA[org.testng.TestNGException: 
Parameter 'browser' is required by BeforeMethod on method launchSession but has not been marked @Optional or defined
in C:\Users\aksha\git\sevenrmartsupermarket\com.sevenrmartsupermarket\src\main\resources\xmlFile\groups.xml
at java.base/java.util.ArrayList.forEach(ArrayList.java:1597)
... Removed 28 stack frames]]>
    </failure>
  </testcase> <!-- @BeforeMethod launchSession -->
  <testcase classname="com.sevenrmartsupermarket.base.Base" name="@BeforeMethod launchSession" time="-1.742459452818E9">
    <failure type="org.testng.TestNGException" message="
Parameter &amp;apos;browser&amp;apos; is required by BeforeMethod on method launchSession but has not been marked @Optional or defined
in C:\Users\aksha\git\sevenrmartsupermarket\com.sevenrmartsupermarket\src\main\resources\xmlFile\groups.xml">
      <![CDATA[org.testng.TestNGException: 
Parameter 'browser' is required by BeforeMethod on method launchSession but has not been marked @Optional or defined
in C:\Users\aksha\git\sevenrmartsupermarket\com.sevenrmartsupermarket\src\main\resources\xmlFile\groups.xml
at java.base/java.util.ArrayList.forEach(ArrayList.java:1597)
... Removed 28 stack frames]]>
    </failure>
  </testcase> <!-- @BeforeMethod launchSession -->
  <testcase classname="com.sevenrmartsupermarket.base.Base" name="@BeforeMethod launchSession" time="-1.742459452828E9">
    <failure type="org.testng.TestNGException" message="
Parameter &amp;apos;browser&amp;apos; is required by BeforeMethod on method launchSession but has not been marked @Optional or defined
in C:\Users\aksha\git\sevenrmartsupermarket\com.sevenrmartsupermarket\src\main\resources\xmlFile\groups.xml">
      <![CDATA[org.testng.TestNGException: 
Parameter 'browser' is required by BeforeMethod on method launchSession but has not been marked @Optional or defined
in C:\Users\aksha\git\sevenrmartsupermarket\com.sevenrmartsupermarket\src\main\resources\xmlFile\groups.xml
at java.base/java.util.ArrayList.forEach(ArrayList.java:1597)
... Removed 28 stack frames]]>
    </failure>
  </testcase> <!-- @BeforeMethod launchSession -->
  <testcase classname="com.sevenrmartsupermarket.base.Base" name="@BeforeMethod launchSession" time="-1.742459452834E9">
    <failure type="org.testng.TestNGException" message="
Parameter &amp;apos;browser&amp;apos; is required by BeforeMethod on method launchSession but has not been marked @Optional or defined
in C:\Users\aksha\git\sevenrmartsupermarket\com.sevenrmartsupermarket\src\main\resources\xmlFile\groups.xml">
      <![CDATA[org.testng.TestNGException: 
Parameter 'browser' is required by BeforeMethod on method launchSession but has not been marked @Optional or defined
in C:\Users\aksha\git\sevenrmartsupermarket\com.sevenrmartsupermarket\src\main\resources\xmlFile\groups.xml
at java.base/java.util.ArrayList.forEach(ArrayList.java:1597)
... Removed 28 stack frames]]>
    </failure>
  </testcase> <!-- @BeforeMethod launchSession -->
  <testcase classname="com.sevenrmartsupermarket.base.Base" name="@BeforeMethod launchSession" time="-1.742459452841E9">
    <failure type="org.testng.TestNGException" message="
Parameter &amp;apos;browser&amp;apos; is required by BeforeMethod on method launchSession but has not been marked @Optional or defined
in C:\Users\aksha\git\sevenrmartsupermarket\com.sevenrmartsupermarket\src\main\resources\xmlFile\groups.xml">
      <![CDATA[org.testng.TestNGException: 
Parameter 'browser' is required by BeforeMethod on method launchSession but has not been marked @Optional or defined
in C:\Users\aksha\git\sevenrmartsupermarket\com.sevenrmartsupermarket\src\main\resources\xmlFile\groups.xml
at java.base/java.util.ArrayList.forEach(ArrayList.java:1597)
... Removed 28 stack frames]]>
    </failure>
  </testcase> <!-- @BeforeMethod launchSession -->
  <testcase classname="com.sevenrmartsupermarket.base.Base" name="@BeforeMethod launchSession" time="-1.742459453357E9">
    <failure type="org.testng.TestNGException" message="
Parameter &amp;apos;browser&amp;apos; is required by BeforeMethod on method launchSession but has not been marked @Optional or defined
in C:\Users\aksha\git\sevenrmartsupermarket\com.sevenrmartsupermarket\src\main\resources\xmlFile\groups.xml">
      <![CDATA[org.testng.TestNGException: 
Parameter 'browser' is required by BeforeMethod on method launchSession but has not been marked @Optional or defined
in C:\Users\aksha\git\sevenrmartsupermarket\com.sevenrmartsupermarket\src\main\resources\xmlFile\groups.xml
at java.base/java.util.ArrayList.forEach(ArrayList.java:1597)
... Removed 28 stack frames]]>
    </failure>
  </testcase> <!-- @BeforeMethod launchSession -->
  <testcase classname="com.sevenrmartsupermarket.base.Base" name="@BeforeMethod launchSession" time="-1.742459453361E9">
    <failure type="org.testng.TestNGException" message="
Parameter &amp;apos;browser&amp;apos; is required by BeforeMethod on method launchSession but has not been marked @Optional or defined
in C:\Users\aksha\git\sevenrmartsupermarket\com.sevenrmartsupermarket\src\main\resources\xmlFile\groups.xml">
      <![CDATA[org.testng.TestNGException: 
Parameter 'browser' is required by BeforeMethod on method launchSession but has not been marked @Optional or defined
in C:\Users\aksha\git\sevenrmartsupermarket\com.sevenrmartsupermarket\src\main\resources\xmlFile\groups.xml
at java.base/java.util.ArrayList.forEach(ArrayList.java:1597)
... Removed 28 stack frames]]>
    </failure>
  </testcase> <!-- @BeforeMethod launchSession -->
  <testcase classname="com.sevenrmartsupermarket.base.Base" name="@BeforeMethod launchSession" time="-1.742459453365E9">
    <failure type="org.testng.TestNGException" message="
Parameter &amp;apos;browser&amp;apos; is required by BeforeMethod on method launchSession but has not been marked @Optional or defined
in C:\Users\aksha\git\sevenrmartsupermarket\com.sevenrmartsupermarket\src\main\resources\xmlFile\groups.xml">
      <![CDATA[org.testng.TestNGException: 
Parameter 'browser' is required by BeforeMethod on method launchSession but has not been marked @Optional or defined
in C:\Users\aksha\git\sevenrmartsupermarket\com.sevenrmartsupermarket\src\main\resources\xmlFile\groups.xml
at java.base/java.util.ArrayList.forEach(ArrayList.java:1597)
... Removed 28 stack frames]]>
    </failure>
  </testcase> <!-- @BeforeMethod launchSession -->
  <testcase classname="com.sevenrmartsupermarket.base.Base" name="@BeforeMethod launchSession" time="-1.74245945337E9">
    <failure type="org.testng.TestNGException" message="
Parameter &amp;apos;browser&amp;apos; is required by BeforeMethod on method launchSession but has not been marked @Optional or defined
in C:\Users\aksha\git\sevenrmartsupermarket\com.sevenrmartsupermarket\src\main\resources\xmlFile\groups.xml">
      <![CDATA[org.testng.TestNGException: 
Parameter 'browser' is required by BeforeMethod on method launchSession but has not been marked @Optional or defined
in C:\Users\aksha\git\sevenrmartsupermarket\com.sevenrmartsupermarket\src\main\resources\xmlFile\groups.xml
at java.base/java.util.ArrayList.forEach(ArrayList.java:1597)
... Removed 28 stack frames]]>
    </failure>
  </testcase> <!-- @BeforeMethod launchSession -->
  <testcase classname="com.sevenrmartsupermarket.base.Base" name="@BeforeMethod launchSession" time="-1.742459453377E9">
    <failure type="org.testng.TestNGException" message="
Parameter &amp;apos;browser&amp;apos; is required by BeforeMethod on method launchSession but has not been marked @Optional or defined
in C:\Users\aksha\git\sevenrmartsupermarket\com.sevenrmartsupermarket\src\main\resources\xmlFile\groups.xml">
      <![CDATA[org.testng.TestNGException: 
Parameter 'browser' is required by BeforeMethod on method launchSession but has not been marked @Optional or defined
in C:\Users\aksha\git\sevenrmartsupermarket\com.sevenrmartsupermarket\src\main\resources\xmlFile\groups.xml
at java.base/java.util.ArrayList.forEach(ArrayList.java:1597)
... Removed 28 stack frames]]>
    </failure>
  </testcase> <!-- @BeforeMethod launchSession -->
  <testcase classname="com.sevenrmartsupermarket.base.Base" name="@BeforeMethod launchSession" time="-1.742459453384E9">
    <failure type="org.testng.TestNGException" message="
Parameter &amp;apos;browser&amp;apos; is required by BeforeMethod on method launchSession but has not been marked @Optional or defined
in C:\Users\aksha\git\sevenrmartsupermarket\com.sevenrmartsupermarket\src\main\resources\xmlFile\groups.xml">
      <![CDATA[org.testng.TestNGException: 
Parameter 'browser' is required by BeforeMethod on method launchSession but has not been marked @Optional or defined
in C:\Users\aksha\git\sevenrmartsupermarket\com.sevenrmartsupermarket\src\main\resources\xmlFile\groups.xml
at java.base/java.util.ArrayList.forEach(ArrayList.java:1597)
... Removed 28 stack frames]]>
    </failure>
  </testcase> <!-- @BeforeMethod launchSession -->
  <testcase classname="com.sevenrmartsupermarket.base.Base" name="@BeforeMethod launchSession" time="-1.74245945339E9">
    <failure type="org.testng.TestNGException" message="
Parameter &amp;apos;browser&amp;apos; is required by BeforeMethod on method launchSession but has not been marked @Optional or defined
in C:\Users\aksha\git\sevenrmartsupermarket\com.sevenrmartsupermarket\src\main\resources\xmlFile\groups.xml">
      <![CDATA[org.testng.TestNGException: 
Parameter 'browser' is required by BeforeMethod on method launchSession but has not been marked @Optional or defined
in C:\Users\aksha\git\sevenrmartsupermarket\com.sevenrmartsupermarket\src\main\resources\xmlFile\groups.xml
at java.base/java.util.ArrayList.forEach(ArrayList.java:1597)
... Removed 28 stack frames]]>
    </failure>
  </testcase> <!-- @BeforeMethod launchSession -->
  <testcase classname="com.sevenrmartsupermarket.base.Base" name="@BeforeMethod launchSession" time="-1.742459453395E9">
    <failure type="org.testng.TestNGException" message="
Parameter &amp;apos;browser&amp;apos; is required by BeforeMethod on method launchSession but has not been marked @Optional or defined
in C:\Users\aksha\git\sevenrmartsupermarket\com.sevenrmartsupermarket\src\main\resources\xmlFile\groups.xml">
      <![CDATA[org.testng.TestNGException: 
Parameter 'browser' is required by BeforeMethod on method launchSession but has not been marked @Optional or defined
in C:\Users\aksha\git\sevenrmartsupermarket\com.sevenrmartsupermarket\src\main\resources\xmlFile\groups.xml
at java.base/java.util.ArrayList.forEach(ArrayList.java:1597)
... Removed 28 stack frames]]>
    </failure>
  </testcase> <!-- @BeforeMethod launchSession -->
  <testcase classname="com.sevenrmartsupermarket.tests.LoginTest" name="verifyAfterLoginNavigation" time="0.0">
    <skipped/>
  </testcase> <!-- verifyAfterLoginNavigation -->
  <testcase classname="com.sevenrmartsupermarket.tests.LoginTest" name="verifyInvalidLogin" time="0.0">
    <skipped/>
  </testcase> <!-- verifyInvalidLogin -->
  <testcase classname="com.sevenrmartsupermarket.tests.LoginTest" name="verifyLogin" time="0.0">
    <skipped/>
  </testcase> <!-- verifyLogin -->
  <testcase classname="com.sevenrmartsupermarket.tests.HomeTest" name="verifyMoreInfoLink" time="0.0">
    <skipped/>
  </testcase> <!-- verifyMoreInfoLink -->
  <testcase classname="com.sevenrmartsupermarket.tests.HomeTest" name="verifyPageTitle" time="0.0">
    <skipped/>
  </testcase> <!-- verifyPageTitle -->
  <testcase classname="com.sevenrmartsupermarket.tests.AdminUserTest" name="validateAdminUserDeleteButtonFunctionality" time="0.001">
    <skipped/>
  </testcase> <!-- validateAdminUserDeleteButtonFunctionality -->
  <testcase classname="com.sevenrmartsupermarket.tests.AdminUserTest" name="validateNewUserCreation" time="0.0">
    <skipped/>
  </testcase> <!-- validateNewUserCreation -->
  <testcase classname="com.sevenrmartsupermarket.tests.AdminUserTest" name="validateNewUserCreation" time="0.0">
    <skipped/>
  </testcase> <!-- validateNewUserCreation -->
  <testcase classname="com.sevenrmartsupermarket.tests.AdminUserTest" name="validateNewUserCreation" time="0.0">
    <skipped/>
  </testcase> <!-- validateNewUserCreation -->
  <testcase classname="com.sevenrmartsupermarket.tests.AdminUserTest" name="validateNewUserCreation" time="0.0">
    <skipped/>
  </testcase> <!-- validateNewUserCreation -->
  <testcase classname="com.sevenrmartsupermarket.tests.AdminUserTest" name="validateNewUserCreation" time="0.0">
    <skipped/>
  </testcase> <!-- validateNewUserCreation -->
  <testcase classname="com.sevenrmartsupermarket.tests.AdminUserTest" name="validateNewUserCreation" time="0.0">
    <skipped/>
  </testcase> <!-- validateNewUserCreation -->
  <testcase classname="com.sevenrmartsupermarket.tests.AdminUserTest" name="validateSearchButtonfunctionality" time="0.0">
    <skipped/>
  </testcase> <!-- validateSearchButtonfunctionality -->
  <testcase classname="com.sevenrmartsupermarket.tests.AdminUserTest" name="validateUserDetailUpdateButtonFunctionality" time="0.0">
    <skipped/>
  </testcase> <!-- validateUserDetailUpdateButtonFunctionality -->
  <testcase classname="com.sevenrmartsupermarket.tests.AdminUserTest" name="validateDuplicateUserEnterEntry" time="0.0">
    <ignored/>
  </testcase> <!-- validateDuplicateUserEnterEntry -->
  <testcase classname="com.sevenrmartsupermarket.tests.AdminUserTest" name="validateUserStatusButtonFunctionality" time="0.0">
    <ignored/>
  </testcase> <!-- validateUserStatusButtonFunctionality -->
  <testcase classname="com.sevenrmartsupermarket.tests.HomeTest" name="verifyProfileName" time="0.0">
    <ignored/>
  </testcase> <!-- verifyProfileName -->
  <testcase classname="com.sevenrmartsupermarket.tests.AdminUserTest" name="validatePasswordVisibility" time="0.0">
    <ignored/>
  </testcase> <!-- validatePasswordVisibility -->
  <testcase classname="com.sevenrmartsupermarket.tests.HomeTest" name="verifyLogOutFunctionality" time="0.0">
    <ignored/>
  </testcase> <!-- verifyLogOutFunctionality -->
  <testcase classname="com.sevenrmartsupermarket.tests.AdminUserTest" name="verifyNavigationToAdminUserPage" time="0.0">
    <ignored/>
  </testcase> <!-- verifyNavigationToAdminUserPage -->
</testsuite> <!-- regressionrun -->
